{"/Users/marie.collinge/dev_folder/ESA_FE/ticketing-frontend/src/App.jsx": {"path":"/Users/marie.collinge/dev_folder/ESA_FE/ticketing-frontend/src/App.jsx","statementMap":{"0":{"start":{"line":10,"column":2},"end":{"line":22,"column":null}}},"fnMap":{"0":{"name":"App","decl":{"start":{"line":9,"column":24},"end":{"line":9,"column":30}},"loc":{"start":{"line":9,"column":30},"end":{"line":24,"column":null}},"line":9}},"branchMap":{},"s":{"0":1},"f":{"0":1},"b":{},"meta":{"lastBranch":0,"lastFunction":1,"lastStatement":1,"seen":{"f:9:24:9:30":0,"s:10:2:22:Infinity":0}}}
,"/Users/marie.collinge/dev_folder/ESA_FE/ticketing-frontend/src/main.jsx": {"path":"/Users/marie.collinge/dev_folder/ESA_FE/ticketing-frontend/src/main.jsx","statementMap":{"0":{"start":{"line":7,"column":0},"end":{"line":13,"column":null}}},"fnMap":{},"branchMap":{},"s":{"0":1},"f":{},"b":{},"meta":{"lastBranch":0,"lastFunction":0,"lastStatement":1,"seen":{"s:7:0:13:Infinity":0}}}
,"/Users/marie.collinge/dev_folder/ESA_FE/ticketing-frontend/src/api/api.js": {"path":"/Users/marie.collinge/dev_folder/ESA_FE/ticketing-frontend/src/api/api.js","statementMap":{"0":{"start":{"line":3,"column":12},"end":{"line":5,"column":null}},"1":{"start":{"line":8,"column":0},"end":{"line":18,"column":null}},"2":{"start":{"line":9,"column":2},"end":{"line":11,"column":null}},"3":{"start":{"line":10,"column":4},"end":{"line":10,"column":null}},"4":{"start":{"line":13,"column":16},"end":{"line":13,"column":null}},"5":{"start":{"line":14,"column":2},"end":{"line":16,"column":null}},"6":{"start":{"line":15,"column":4},"end":{"line":15,"column":null}},"7":{"start":{"line":17,"column":2},"end":{"line":17,"column":null}}},"fnMap":{"0":{"name":"(anonymous_0)","decl":{"start":{"line":8,"column":29},"end":{"line":8,"column":35}},"loc":{"start":{"line":8,"column":39},"end":{"line":18,"column":1}},"line":8}},"branchMap":{"0":{"loc":{"start":{"line":4,"column":11},"end":{"line":4,"column":53}},"type":"binary-expr","locations":[{"start":{"line":4,"column":11},"end":{"line":4,"column":40}},{"start":{"line":4,"column":44},"end":{"line":4,"column":53}}],"line":4},"1":{"loc":{"start":{"line":9,"column":2},"end":{"line":11,"column":null}},"type":"if","locations":[{"start":{"line":9,"column":2},"end":{"line":11,"column":null}},{"start":{},"end":{}}],"line":9},"2":{"loc":{"start":{"line":14,"column":2},"end":{"line":16,"column":null}},"type":"if","locations":[{"start":{"line":14,"column":2},"end":{"line":16,"column":null}},{"start":{},"end":{}}],"line":14}},"s":{"0":4,"1":4,"2":2,"3":1,"4":2,"5":2,"6":1,"7":2},"f":{"0":2},"b":{"0":[4,0],"1":[1,1],"2":[1,1]},"meta":{"lastBranch":3,"lastFunction":1,"lastStatement":8,"seen":{"s:3:12:5:Infinity":0,"b:4:11:4:40:4:44:4:53":0,"s:8:0:18:Infinity":1,"f:8:29:8:35":0,"b:9:2:11:Infinity:undefined:undefined:undefined:undefined":1,"s:9:2:11:Infinity":2,"s:10:4:10:Infinity":3,"s:13:16:13:Infinity":4,"b:14:2:16:Infinity:undefined:undefined:undefined:undefined":2,"s:14:2:16:Infinity":5,"s:15:4:15:Infinity":6,"s:17:2:17:Infinity":7}}}
,"/Users/marie.collinge/dev_folder/ESA_FE/ticketing-frontend/src/api/auth.js": {"path":"/Users/marie.collinge/dev_folder/ESA_FE/ticketing-frontend/src/api/auth.js","statementMap":{"0":{"start":{"line":3,"column":28},"end":{"line":3,"column":null}},"1":{"start":{"line":3,"column":38},"end":{"line":3,"column":null}},"2":{"start":{"line":4,"column":25},"end":{"line":4,"column":null}},"3":{"start":{"line":4,"column":35},"end":{"line":4,"column":null}},"4":{"start":{"line":5,"column":26},"end":{"line":5,"column":null}},"5":{"start":{"line":5,"column":32},"end":{"line":5,"column":null}},"6":{"start":{"line":6,"column":37},"end":{"line":9,"column":null}},"7":{"start":{"line":7,"column":1},"end":{"line":9,"column":null}},"8":{"start":{"line":10,"column":29},"end":{"line":10,"column":null}},"9":{"start":{"line":10,"column":39},"end":{"line":10,"column":null}}},"fnMap":{"0":{"name":"(anonymous_0)","decl":{"start":{"line":3,"column":28},"end":{"line":3,"column":29}},"loc":{"start":{"line":3,"column":38},"end":{"line":3,"column":null}},"line":3},"1":{"name":"(anonymous_1)","decl":{"start":{"line":4,"column":25},"end":{"line":4,"column":26}},"loc":{"start":{"line":4,"column":35},"end":{"line":4,"column":null}},"line":4},"2":{"name":"(anonymous_2)","decl":{"start":{"line":5,"column":26},"end":{"line":5,"column":27}},"loc":{"start":{"line":5,"column":32},"end":{"line":5,"column":null}},"line":5},"3":{"name":"(anonymous_3)","decl":{"start":{"line":6,"column":37},"end":{"line":6,"column":38}},"loc":{"start":{"line":7,"column":1},"end":{"line":9,"column":null}},"line":7},"4":{"name":"(anonymous_4)","decl":{"start":{"line":10,"column":29},"end":{"line":10,"column":30}},"loc":{"start":{"line":10,"column":39},"end":{"line":10,"column":null}},"line":10}},"branchMap":{},"s":{"0":2,"1":1,"2":2,"3":1,"4":2,"5":1,"6":2,"7":1,"8":2,"9":1},"f":{"0":1,"1":1,"2":1,"3":1,"4":1},"b":{},"meta":{"lastBranch":0,"lastFunction":5,"lastStatement":10,"seen":{"s:3:28:3:Infinity":0,"f:3:28:3:29":0,"s:3:38:3:Infinity":1,"s:4:25:4:Infinity":2,"f:4:25:4:26":1,"s:4:35:4:Infinity":3,"s:5:26:5:Infinity":4,"f:5:26:5:27":2,"s:5:32:5:Infinity":5,"s:6:37:9:Infinity":6,"f:6:37:6:38":3,"s:7:1:9:Infinity":7,"s:10:29:10:Infinity":8,"f:10:29:10:30":4,"s:10:39:10:Infinity":9}}}
,"/Users/marie.collinge/dev_folder/ESA_FE/ticketing-frontend/src/api/pets.js": {"path":"/Users/marie.collinge/dev_folder/ESA_FE/ticketing-frontend/src/api/pets.js","statementMap":{"0":{"start":{"line":3,"column":26},"end":{"line":3,"column":null}},"1":{"start":{"line":3,"column":32},"end":{"line":3,"column":null}},"2":{"start":{"line":4,"column":26},"end":{"line":4,"column":null}},"3":{"start":{"line":4,"column":34},"end":{"line":4,"column":null}},"4":{"start":{"line":5,"column":25},"end":{"line":5,"column":null}},"5":{"start":{"line":5,"column":31},"end":{"line":5,"column":null}},"6":{"start":{"line":6,"column":25},"end":{"line":6,"column":null}},"7":{"start":{"line":6,"column":35},"end":{"line":6,"column":null}},"8":{"start":{"line":7,"column":25},"end":{"line":7,"column":null}},"9":{"start":{"line":7,"column":39},"end":{"line":7,"column":null}},"10":{"start":{"line":8,"column":25},"end":{"line":8,"column":null}},"11":{"start":{"line":8,"column":33},"end":{"line":8,"column":null}},"12":{"start":{"line":9,"column":30},"end":{"line":13,"column":null}},"13":{"start":{"line":10,"column":18},"end":{"line":10,"column":null}},"14":{"start":{"line":11,"column":1},"end":{"line":11,"column":null}},"15":{"start":{"line":12,"column":1},"end":{"line":12,"column":null}}},"fnMap":{"0":{"name":"(anonymous_0)","decl":{"start":{"line":3,"column":26},"end":{"line":3,"column":27}},"loc":{"start":{"line":3,"column":32},"end":{"line":3,"column":null}},"line":3},"1":{"name":"(anonymous_1)","decl":{"start":{"line":4,"column":26},"end":{"line":4,"column":27}},"loc":{"start":{"line":4,"column":34},"end":{"line":4,"column":null}},"line":4},"2":{"name":"(anonymous_2)","decl":{"start":{"line":5,"column":25},"end":{"line":5,"column":26}},"loc":{"start":{"line":5,"column":31},"end":{"line":5,"column":null}},"line":5},"3":{"name":"(anonymous_3)","decl":{"start":{"line":6,"column":25},"end":{"line":6,"column":26}},"loc":{"start":{"line":6,"column":35},"end":{"line":6,"column":null}},"line":6},"4":{"name":"(anonymous_4)","decl":{"start":{"line":7,"column":25},"end":{"line":7,"column":26}},"loc":{"start":{"line":7,"column":39},"end":{"line":7,"column":null}},"line":7},"5":{"name":"(anonymous_5)","decl":{"start":{"line":8,"column":25},"end":{"line":8,"column":26}},"loc":{"start":{"line":8,"column":33},"end":{"line":8,"column":null}},"line":8},"6":{"name":"(anonymous_6)","decl":{"start":{"line":9,"column":30},"end":{"line":9,"column":31}},"loc":{"start":{"line":9,"column":44},"end":{"line":13,"column":null}},"line":9}},"branchMap":{},"s":{"0":2,"1":1,"2":2,"3":1,"4":2,"5":1,"6":2,"7":1,"8":2,"9":1,"10":2,"11":1,"12":2,"13":1,"14":1,"15":1},"f":{"0":1,"1":1,"2":1,"3":1,"4":1,"5":1,"6":1},"b":{},"meta":{"lastBranch":0,"lastFunction":7,"lastStatement":16,"seen":{"s:3:26:3:Infinity":0,"f:3:26:3:27":0,"s:3:32:3:Infinity":1,"s:4:26:4:Infinity":2,"f:4:26:4:27":1,"s:4:34:4:Infinity":3,"s:5:25:5:Infinity":4,"f:5:25:5:26":2,"s:5:31:5:Infinity":5,"s:6:25:6:Infinity":6,"f:6:25:6:26":3,"s:6:35:6:Infinity":7,"s:7:25:7:Infinity":8,"f:7:25:7:26":4,"s:7:39:7:Infinity":9,"s:8:25:8:Infinity":10,"f:8:25:8:26":5,"s:8:33:8:Infinity":11,"s:9:30:13:Infinity":12,"f:9:30:9:31":6,"s:10:18:10:Infinity":13,"s:11:1:11:Infinity":14,"s:12:1:12:Infinity":15}}}
,"/Users/marie.collinge/dev_folder/ESA_FE/ticketing-frontend/src/components/Nav.jsx": {"path":"/Users/marie.collinge/dev_folder/ESA_FE/ticketing-frontend/src/components/Nav.jsx","statementMap":{"0":{"start":{"line":4,"column":8},"end":{"line":4,"column":null}},"1":{"start":{"line":5,"column":19},"end":{"line":5,"column":null}},"2":{"start":{"line":7,"column":17},"end":{"line":12,"column":null}},"3":{"start":{"line":8,"column":4},"end":{"line":8,"column":null}},"4":{"start":{"line":9,"column":4},"end":{"line":9,"column":null}},"5":{"start":{"line":10,"column":4},"end":{"line":10,"column":null}},"6":{"start":{"line":11,"column":4},"end":{"line":11,"column":null}},"7":{"start":{"line":14,"column":2},"end":{"line":21,"column":null}}},"fnMap":{"0":{"name":"Nav","decl":{"start":{"line":3,"column":24},"end":{"line":3,"column":30}},"loc":{"start":{"line":3,"column":30},"end":{"line":23,"column":null}},"line":3},"1":{"name":"(anonymous_1)","decl":{"start":{"line":7,"column":17},"end":{"line":7,"column":23}},"loc":{"start":{"line":7,"column":23},"end":{"line":12,"column":null}},"line":7}},"branchMap":{"0":{"loc":{"start":{"line":17,"column":7},"end":{"line":17,"column":null}},"type":"binary-expr","locations":[{"start":{"line":17,"column":7},"end":{"line":17,"column":20}},{"start":{"line":17,"column":20},"end":{"line":17,"column":null}}],"line":17},"1":{"loc":{"start":{"line":18,"column":7},"end":{"line":18,"column":null}},"type":"binary-expr","locations":[{"start":{"line":18,"column":7},"end":{"line":18,"column":20}},{"start":{"line":18,"column":20},"end":{"line":18,"column":null}}],"line":18},"2":{"loc":{"start":{"line":19,"column":7},"end":{"line":19,"column":null}},"type":"binary-expr","locations":[{"start":{"line":19,"column":7},"end":{"line":19,"column":19}},{"start":{"line":19,"column":19},"end":{"line":19,"column":null}}],"line":19},"3":{"loc":{"start":{"line":20,"column":7},"end":{"line":20,"column":null}},"type":"binary-expr","locations":[{"start":{"line":20,"column":7},"end":{"line":20,"column":19}},{"start":{"line":20,"column":19},"end":{"line":20,"column":null}}],"line":20}},"s":{"0":3,"1":3,"2":3,"3":1,"4":1,"5":1,"6":1,"7":3},"f":{"0":3,"1":1},"b":{"0":[3,2],"1":[3,2],"2":[3,1],"3":[3,1]},"meta":{"lastBranch":4,"lastFunction":2,"lastStatement":8,"seen":{"f:3:24:3:30":0,"s:4:8:4:Infinity":0,"s:5:19:5:Infinity":1,"s:7:17:12:Infinity":2,"f:7:17:7:23":1,"s:8:4:8:Infinity":3,"s:9:4:9:Infinity":4,"s:10:4:10:Infinity":5,"s:11:4:11:Infinity":6,"s:14:2:21:Infinity":7,"b:17:7:17:20:17:20:17:Infinity":0,"b:18:7:18:20:18:20:18:Infinity":1,"b:19:7:19:19:19:19:19:Infinity":2,"b:20:7:20:19:20:19:20:Infinity":3}}}
,"/Users/marie.collinge/dev_folder/ESA_FE/ticketing-frontend/src/pages/Home.jsx": {"path":"/Users/marie.collinge/dev_folder/ESA_FE/ticketing-frontend/src/pages/Home.jsx","statementMap":{"0":{"start":{"line":4,"column":23},"end":{"line":21,"column":null}},"1":{"start":{"line":5,"column":17},"end":{"line":5,"column":null}},"2":{"start":{"line":6,"column":15},"end":{"line":6,"column":null}},"3":{"start":{"line":8,"column":4},"end":{"line":10,"column":null}},"4":{"start":{"line":12,"column":2},"end":{"line":14,"column":null}},"5":{"start":{"line":13,"column":4},"end":{"line":13,"column":null}},"6":{"start":{"line":16,"column":2},"end":{"line":18,"column":null}},"7":{"start":{"line":17,"column":4},"end":{"line":17,"column":null}},"8":{"start":{"line":20,"column":2},"end":{"line":20,"column":null}},"9":{"start":{"line":23,"column":17},"end":{"line":23,"column":null}},"10":{"start":{"line":23,"column":26},"end":{"line":23,"column":null}},"11":{"start":{"line":26,"column":22},"end":{"line":26,"column":null}},"12":{"start":{"line":27,"column":36},"end":{"line":27,"column":null}},"13":{"start":{"line":28,"column":28},"end":{"line":28,"column":null}},"14":{"start":{"line":29,"column":46},"end":{"line":29,"column":null}},"15":{"start":{"line":30,"column":24},"end":{"line":30,"column":null}},"16":{"start":{"line":31,"column":19},"end":{"line":31,"column":null}},"17":{"start":{"line":33,"column":2},"end":{"line":49,"column":null}},"18":{"start":{"line":34,"column":21},"end":{"line":46,"column":null}},"19":{"start":{"line":35,"column":6},"end":{"line":35,"column":null}},"20":{"start":{"line":36,"column":6},"end":{"line":36,"column":null}},"21":{"start":{"line":38,"column":6},"end":{"line":45,"column":null}},"22":{"start":{"line":39,"column":20},"end":{"line":39,"column":null}},"23":{"start":{"line":40,"column":8},"end":{"line":40,"column":null}},"24":{"start":{"line":42,"column":8},"end":{"line":42,"column":null}},"25":{"start":{"line":44,"column":8},"end":{"line":44,"column":null}},"26":{"start":{"line":48,"column":4},"end":{"line":48,"column":null}},"27":{"start":{"line":51,"column":26},"end":{"line":74,"column":null}},"28":{"start":{"line":52,"column":4},"end":{"line":54,"column":null}},"29":{"start":{"line":53,"column":6},"end":{"line":53,"column":null}},"30":{"start":{"line":56,"column":15},"end":{"line":56,"column":null}},"31":{"start":{"line":57,"column":4},"end":{"line":60,"column":null}},"32":{"start":{"line":58,"column":6},"end":{"line":58,"column":null}},"33":{"start":{"line":59,"column":6},"end":{"line":59,"column":null}},"34":{"start":{"line":62,"column":4},"end":{"line":62,"column":null}},"35":{"start":{"line":63,"column":4},"end":{"line":63,"column":null}},"36":{"start":{"line":65,"column":4},"end":{"line":73,"column":null}},"37":{"start":{"line":66,"column":18},"end":{"line":66,"column":null}},"38":{"start":{"line":67,"column":6},"end":{"line":67,"column":null}},"39":{"start":{"line":69,"column":6},"end":{"line":69,"column":null}},"40":{"start":{"line":70,"column":6},"end":{"line":70,"column":null}},"41":{"start":{"line":72,"column":6},"end":{"line":72,"column":null}},"42":{"start":{"line":76,"column":2},"end":{"line":172,"column":null}},"43":{"start":{"line":90,"column":23},"end":{"line":90,"column":null}},"44":{"start":{"line":91,"column":26},"end":{"line":91,"column":null}},"45":{"start":{"line":93,"column":12},"end":{"line":115,"column":null}},"46":{"start":{"line":94,"column":14},"end":{"line":113,"column":null}},"47":{"start":{"line":99,"column":33},"end":{"line":99,"column":null}},"48":{"start":{"line":117,"column":12},"end":{"line":127,"column":null}}},"fnMap":{"0":{"name":"(anonymous_0)","decl":{"start":{"line":4,"column":23},"end":{"line":4,"column":24}},"loc":{"start":{"line":4,"column":41},"end":{"line":21,"column":null}},"line":4},"1":{"name":"(anonymous_1)","decl":{"start":{"line":23,"column":17},"end":{"line":23,"column":18}},"loc":{"start":{"line":23,"column":26},"end":{"line":23,"column":null}},"line":23},"2":{"name":"Home","decl":{"start":{"line":25,"column":24},"end":{"line":25,"column":31}},"loc":{"start":{"line":25,"column":31},"end":{"line":174,"column":null}},"line":25},"3":{"name":"(anonymous_3)","decl":{"start":{"line":33,"column":12},"end":{"line":33,"column":18}},"loc":{"start":{"line":33,"column":18},"end":{"line":49,"column":5}},"line":33},"4":{"name":"(anonymous_4)","decl":{"start":{"line":34,"column":21},"end":{"line":34,"column":33}},"loc":{"start":{"line":34,"column":33},"end":{"line":46,"column":null}},"line":34},"5":{"name":"(anonymous_5)","decl":{"start":{"line":51,"column":26},"end":{"line":51,"column":33}},"loc":{"start":{"line":51,"column":41},"end":{"line":74,"column":null}},"line":51},"6":{"name":"(anonymous_6)","decl":{"start":{"line":89,"column":20},"end":{"line":89,"column":21}},"loc":{"start":{"line":89,"column":29},"end":{"line":129,"column":11}},"line":89},"7":{"name":"(anonymous_7)","decl":{"start":{"line":99,"column":27},"end":{"line":99,"column":33}},"loc":{"start":{"line":99,"column":33},"end":{"line":99,"column":null}},"line":99}},"branchMap":{"0":{"loc":{"start":{"line":8,"column":4},"end":{"line":10,"column":null}},"type":"cond-expr","locations":[{"start":{"line":9,"column":8},"end":{"line":9,"column":null}},{"start":{"line":10,"column":8},"end":{"line":10,"column":null}}],"line":8},"1":{"loc":{"start":{"line":10,"column":8},"end":{"line":10,"column":null}},"type":"binary-expr","locations":[{"start":{"line":10,"column":8},"end":{"line":10,"column":25}},{"start":{"line":10,"column":25},"end":{"line":10,"column":40}},{"start":{"line":10,"column":40},"end":{"line":10,"column":null}}],"line":10},"2":{"loc":{"start":{"line":12,"column":2},"end":{"line":14,"column":null}},"type":"if","locations":[{"start":{"line":12,"column":2},"end":{"line":14,"column":null}},{"start":{},"end":{}}],"line":12},"3":{"loc":{"start":{"line":12,"column":6},"end":{"line":12,"column":36}},"type":"binary-expr","locations":[{"start":{"line":12,"column":6},"end":{"line":12,"column":23}},{"start":{"line":12,"column":23},"end":{"line":12,"column":36}}],"line":12},"4":{"loc":{"start":{"line":16,"column":2},"end":{"line":18,"column":null}},"type":"if","locations":[{"start":{"line":16,"column":2},"end":{"line":18,"column":null}},{"start":{},"end":{}}],"line":16},"5":{"loc":{"start":{"line":20,"column":33},"end":{"line":20,"column":63}},"type":"cond-expr","locations":[{"start":{"line":20,"column":43},"end":{"line":20,"column":61}},{"start":{"line":20,"column":61},"end":{"line":20,"column":63}}],"line":20},"6":{"loc":{"start":{"line":23,"column":26},"end":{"line":23,"column":null}},"type":"binary-expr","locations":[{"start":{"line":23,"column":26},"end":{"line":23,"column":36}},{"start":{"line":23,"column":36},"end":{"line":23,"column":49}},{"start":{"line":23,"column":49},"end":{"line":23,"column":null}}],"line":23},"7":{"loc":{"start":{"line":40,"column":16},"end":{"line":40,"column":55}},"type":"cond-expr","locations":[{"start":{"line":40,"column":42},"end":{"line":40,"column":53}},{"start":{"line":40,"column":53},"end":{"line":40,"column":55}}],"line":40},"8":{"loc":{"start":{"line":52,"column":4},"end":{"line":54,"column":null}},"type":"if","locations":[{"start":{"line":52,"column":4},"end":{"line":54,"column":null}},{"start":{},"end":{}}],"line":52},"9":{"loc":{"start":{"line":57,"column":4},"end":{"line":60,"column":null}},"type":"if","locations":[{"start":{"line":57,"column":4},"end":{"line":60,"column":null}},{"start":{},"end":{}}],"line":57},"10":{"loc":{"start":{"line":67,"column":21},"end":{"line":67,"column":36}},"type":"binary-expr","locations":[{"start":{"line":67,"column":21},"end":{"line":67,"column":33}},{"start":{"line":67,"column":33},"end":{"line":67,"column":36}}],"line":67},"11":{"loc":{"start":{"line":80,"column":7},"end":{"line":80,"column":null}},"type":"binary-expr","locations":[{"start":{"line":80,"column":7},"end":{"line":80,"column":20}},{"start":{"line":80,"column":20},"end":{"line":80,"column":null}}],"line":80},"12":{"loc":{"start":{"line":81,"column":7},"end":{"line":81,"column":null}},"type":"binary-expr","locations":[{"start":{"line":81,"column":7},"end":{"line":81,"column":16}},{"start":{"line":81,"column":16},"end":{"line":81,"column":null}}],"line":81},"13":{"loc":{"start":{"line":83,"column":7},"end":{"line":130,"column":null}},"type":"cond-expr","locations":[{"start":{"line":84,"column":8},"end":{"line":84,"column":null}},{"start":{"line":85,"column":10},"end":{"line":130,"column":null}}],"line":83},"14":{"loc":{"start":{"line":85,"column":10},"end":{"line":130,"column":null}},"type":"cond-expr","locations":[{"start":{"line":86,"column":8},"end":{"line":86,"column":null}},{"start":{"line":88,"column":8},"end":{"line":130,"column":null}}],"line":85},"15":{"loc":{"start":{"line":91,"column":26},"end":{"line":91,"column":null}},"type":"binary-expr","locations":[{"start":{"line":91,"column":26},"end":{"line":91,"column":38}},{"start":{"line":91,"column":38},"end":{"line":91,"column":null}}],"line":91},"16":{"loc":{"start":{"line":93,"column":12},"end":{"line":115,"column":null}},"type":"if","locations":[{"start":{"line":93,"column":12},"end":{"line":115,"column":null}},{"start":{},"end":{}}],"line":93},"17":{"loc":{"start":{"line":101,"column":19},"end":{"line":110,"column":null}},"type":"cond-expr","locations":[{"start":{"line":102,"column":20},"end":{"line":106,"column":null}},{"start":{"line":108,"column":20},"end":{"line":110,"column":null}}],"line":101},"18":{"loc":{"start":{"line":98,"column":23},"end":{"line":98,"column":null}},"type":"binary-expr","locations":[{"start":{"line":98,"column":23},"end":{"line":98,"column":29}},{"start":{"line":98,"column":29},"end":{"line":98,"column":null}}],"line":98},"19":{"loc":{"start":{"line":98,"column":41},"end":{"line":98,"column":59}},"type":"binary-expr","locations":[{"start":{"line":98,"column":41},"end":{"line":98,"column":56}},{"start":{"line":98,"column":56},"end":{"line":98,"column":59}}],"line":98},"20":{"loc":{"start":{"line":119,"column":17},"end":{"line":124,"column":null}},"type":"cond-expr","locations":[{"start":{"line":120,"column":18},"end":{"line":120,"column":null}},{"start":{"line":122,"column":18},"end":{"line":124,"column":null}}],"line":119},"21":{"loc":{"start":{"line":118,"column":49},"end":{"line":118,"column":null}},"type":"binary-expr","locations":[{"start":{"line":118,"column":49},"end":{"line":118,"column":55}},{"start":{"line":118,"column":55},"end":{"line":118,"column":null}}],"line":118},"22":{"loc":{"start":{"line":118,"column":67},"end":{"line":118,"column":85}},"type":"binary-expr","locations":[{"start":{"line":118,"column":67},"end":{"line":118,"column":82}},{"start":{"line":118,"column":82},"end":{"line":118,"column":85}}],"line":118},"23":{"loc":{"start":{"line":133,"column":7},"end":{"line":170,"column":null}},"type":"binary-expr","locations":[{"start":{"line":133,"column":7},"end":{"line":133,"column":19}},{"start":{"line":133,"column":19},"end":{"line":133,"column":null}},{"start":{"line":134,"column":8},"end":{"line":170,"column":null}}],"line":133},"24":{"loc":{"start":{"line":136,"column":11},"end":{"line":168,"column":null}},"type":"cond-expr","locations":[{"start":{"line":137,"column":12},"end":{"line":137,"column":null}},{"start":{"line":139,"column":12},"end":{"line":168,"column":null}}],"line":136},"25":{"loc":{"start":{"line":140,"column":15},"end":{"line":149,"column":null}},"type":"cond-expr","locations":[{"start":{"line":141,"column":16},"end":{"line":145,"column":null}},{"start":{"line":147,"column":16},"end":{"line":149,"column":null}}],"line":140},"26":{"loc":{"start":{"line":144,"column":26},"end":{"line":144,"column":51}},"type":"binary-expr","locations":[{"start":{"line":144,"column":26},"end":{"line":144,"column":46}},{"start":{"line":144,"column":46},"end":{"line":144,"column":51}}],"line":144},"27":{"loc":{"start":{"line":148,"column":26},"end":{"line":148,"column":51}},"type":"binary-expr","locations":[{"start":{"line":148,"column":26},"end":{"line":148,"column":46}},{"start":{"line":148,"column":46},"end":{"line":148,"column":51}}],"line":148},"28":{"loc":{"start":{"line":152,"column":40},"end":{"line":152,"column":null}},"type":"binary-expr","locations":[{"start":{"line":152,"column":40},"end":{"line":152,"column":60}},{"start":{"line":152,"column":60},"end":{"line":152,"column":null}}],"line":152},"29":{"loc":{"start":{"line":155,"column":43},"end":{"line":155,"column":null}},"type":"binary-expr","locations":[{"start":{"line":155,"column":43},"end":{"line":155,"column":66}},{"start":{"line":155,"column":66},"end":{"line":155,"column":null}}],"line":155},"30":{"loc":{"start":{"line":158,"column":41},"end":{"line":158,"column":null}},"type":"binary-expr","locations":[{"start":{"line":158,"column":41},"end":{"line":158,"column":62}},{"start":{"line":158,"column":62},"end":{"line":158,"column":null}}],"line":158},"31":{"loc":{"start":{"line":162,"column":17},"end":{"line":162,"column":null}},"type":"cond-expr","locations":[{"start":{"line":162,"column":43},"end":{"line":162,"column":61}},{"start":{"line":162,"column":61},"end":{"line":162,"column":null}}],"line":162},"32":{"loc":{"start":{"line":166,"column":17},"end":{"line":166,"column":null}},"type":"binary-expr","locations":[{"start":{"line":166,"column":17},"end":{"line":166,"column":44}},{"start":{"line":166,"column":44},"end":{"line":166,"column":65}},{"start":{"line":166,"column":65},"end":{"line":166,"column":null}}],"line":166}},"s":{"0":1,"1":2,"2":2,"3":2,"4":2,"5":0,"6":2,"7":0,"8":2,"9":1,"10":13,"11":19,"12":19,"13":19,"14":19,"15":19,"16":19,"17":19,"18":7,"19":7,"20":7,"21":7,"22":7,"23":6,"24":1,"25":7,"26":7,"27":19,"28":3,"29":0,"30":3,"31":3,"32":1,"33":1,"34":2,"35":2,"36":2,"37":2,"38":1,"39":1,"40":1,"41":2,"42":19,"43":10,"44":10,"45":10,"46":8,"47":3,"48":2},"f":{"0":2,"1":13,"2":19,"3":7,"4":7,"5":3,"6":10,"7":3},"b":{"0":[2,0],"1":[0,0,0],"2":[0,2],"3":[2,0],"4":[0,2],"5":[2,0],"6":[13,3,3],"7":[6,0],"8":[0,3],"9":[1,2],"10":[1,0],"11":[19,8],"12":[19,2],"13":[7,12],"14":[2,10],"15":[10,0],"16":[8,2],"17":[0,8],"18":[8,2],"19":[2,0],"20":[0,2],"21":[10,0],"22":[0,0],"23":[19,11,3],"24":[0,3],"25":[0,3],"26":[0,0],"27":[3,0],"28":[3,0],"29":[3,0],"30":[3,2],"31":[1,2],"32":[3,2,2]},"meta":{"lastBranch":33,"lastFunction":8,"lastStatement":49,"seen":{"s:4:23:21:Infinity":0,"f:4:23:4:24":0,"s:5:17:5:Infinity":1,"s:6:15:6:Infinity":2,"s:8:4:10:Infinity":3,"b:9:8:9:Infinity:10:8:10:Infinity":0,"b:10:8:10:25:10:25:10:40:10:40:10:Infinity":1,"b:12:2:14:Infinity:undefined:undefined:undefined:undefined":2,"s:12:2:14:Infinity":4,"b:12:6:12:23:12:23:12:36":3,"s:13:4:13:Infinity":5,"b:16:2:18:Infinity:undefined:undefined:undefined:undefined":4,"s:16:2:18:Infinity":6,"s:17:4:17:Infinity":7,"s:20:2:20:Infinity":8,"b:20:43:20:61:20:61:20:63":5,"s:23:17:23:Infinity":9,"f:23:17:23:18":1,"s:23:26:23:Infinity":10,"b:23:26:23:36:23:36:23:49:23:49:23:Infinity":6,"f:25:24:25:31":2,"s:26:22:26:Infinity":11,"s:27:36:27:Infinity":12,"s:28:28:28:Infinity":13,"s:29:46:29:Infinity":14,"s:30:24:30:Infinity":15,"s:31:19:31:Infinity":16,"s:33:2:49:Infinity":17,"f:33:12:33:18":3,"s:34:21:46:Infinity":18,"f:34:21:34:33":4,"s:35:6:35:Infinity":19,"s:36:6:36:Infinity":20,"s:38:6:45:Infinity":21,"s:39:20:39:Infinity":22,"s:40:8:40:Infinity":23,"b:40:42:40:53:40:53:40:55":7,"s:42:8:42:Infinity":24,"s:44:8:44:Infinity":25,"s:48:4:48:Infinity":26,"s:51:26:74:Infinity":27,"f:51:26:51:33":5,"b:52:4:54:Infinity:undefined:undefined:undefined:undefined":8,"s:52:4:54:Infinity":28,"s:53:6:53:Infinity":29,"s:56:15:56:Infinity":30,"b:57:4:60:Infinity:undefined:undefined:undefined:undefined":9,"s:57:4:60:Infinity":31,"s:58:6:58:Infinity":32,"s:59:6:59:Infinity":33,"s:62:4:62:Infinity":34,"s:63:4:63:Infinity":35,"s:65:4:73:Infinity":36,"s:66:18:66:Infinity":37,"s:67:6:67:Infinity":38,"b:67:21:67:33:67:33:67:36":10,"s:69:6:69:Infinity":39,"s:70:6:70:Infinity":40,"s:72:6:72:Infinity":41,"s:76:2:172:Infinity":42,"b:80:7:80:20:80:20:80:Infinity":11,"b:81:7:81:16:81:16:81:Infinity":12,"b:84:8:84:Infinity:85:10:130:Infinity":13,"b:86:8:86:Infinity:88:8:130:Infinity":14,"f:89:20:89:21":6,"s:90:23:90:Infinity":43,"s:91:26:91:Infinity":44,"b:91:26:91:38:91:38:91:Infinity":15,"b:93:12:115:Infinity:undefined:undefined:undefined:undefined":16,"s:93:12:115:Infinity":45,"s:94:14:113:Infinity":46,"f:99:27:99:33":7,"s:99:33:99:Infinity":47,"b:102:20:106:Infinity:108:20:110:Infinity":17,"b:98:23:98:29:98:29:98:Infinity":18,"b:98:41:98:56:98:56:98:59":19,"s:117:12:127:Infinity":48,"b:120:18:120:Infinity:122:18:124:Infinity":20,"b:118:49:118:55:118:55:118:Infinity":21,"b:118:67:118:82:118:82:118:85":22,"b:133:7:133:19:133:19:133:Infinity:134:8:170:Infinity":23,"b:137:12:137:Infinity:139:12:168:Infinity":24,"b:141:16:145:Infinity:147:16:149:Infinity":25,"b:144:26:144:46:144:46:144:51":26,"b:148:26:148:46:148:46:148:51":27,"b:152:40:152:60:152:60:152:Infinity":28,"b:155:43:155:66:155:66:155:Infinity":29,"b:158:41:158:62:158:62:158:Infinity":30,"b:162:43:162:61:162:61:162:Infinity":31,"b:166:17:166:44:166:44:166:65:166:65:166:Infinity":32}}}
,"/Users/marie.collinge/dev_folder/ESA_FE/ticketing-frontend/src/pages/Login.jsx": {"path":"/Users/marie.collinge/dev_folder/ESA_FE/ticketing-frontend/src/pages/Login.jsx","statementMap":{"0":{"start":{"line":5,"column":23},"end":{"line":19,"column":null}},"1":{"start":{"line":6,"column":17},"end":{"line":6,"column":null}},"2":{"start":{"line":7,"column":15},"end":{"line":7,"column":null}},"3":{"start":{"line":8,"column":18},"end":{"line":8,"column":null}},"4":{"start":{"line":10,"column":2},"end":{"line":12,"column":null}},"5":{"start":{"line":11,"column":4},"end":{"line":11,"column":null}},"6":{"start":{"line":14,"column":2},"end":{"line":16,"column":null}},"7":{"start":{"line":15,"column":4},"end":{"line":15,"column":null}},"8":{"start":{"line":18,"column":2},"end":{"line":18,"column":null}},"9":{"start":{"line":21,"column":29},"end":{"line":31,"column":null}},"10":{"start":{"line":22,"column":2},"end":{"line":29,"column":null}},"11":{"start":{"line":33,"column":31},"end":{"line":35,"column":null}},"12":{"start":{"line":34,"column":2},"end":{"line":34,"column":null}},"13":{"start":{"line":38,"column":22},"end":{"line":38,"column":null}},"14":{"start":{"line":39,"column":24},"end":{"line":39,"column":null}},"15":{"start":{"line":40,"column":28},"end":{"line":40,"column":null}},"16":{"start":{"line":41,"column":8},"end":{"line":41,"column":null}},"17":{"start":{"line":43,"column":31},"end":{"line":60,"column":null}},"18":{"start":{"line":44,"column":4},"end":{"line":44,"column":null}},"19":{"start":{"line":45,"column":4},"end":{"line":45,"column":null}},"20":{"start":{"line":46,"column":4},"end":{"line":46,"column":null}},"21":{"start":{"line":48,"column":18},"end":{"line":48,"column":null}},"22":{"start":{"line":50,"column":4},"end":{"line":52,"column":null}},"23":{"start":{"line":51,"column":6},"end":{"line":51,"column":null}},"24":{"start":{"line":54,"column":4},"end":{"line":59,"column":null}},"25":{"start":{"line":55,"column":6},"end":{"line":55,"column":null}},"26":{"start":{"line":56,"column":6},"end":{"line":56,"column":null}},"27":{"start":{"line":58,"column":6},"end":{"line":58,"column":null}},"28":{"start":{"line":62,"column":23},"end":{"line":95,"column":null}},"29":{"start":{"line":63,"column":4},"end":{"line":63,"column":null}},"30":{"start":{"line":64,"column":4},"end":{"line":64,"column":null}},"31":{"start":{"line":65,"column":4},"end":{"line":65,"column":null}},"32":{"start":{"line":67,"column":4},"end":{"line":94,"column":null}},"33":{"start":{"line":68,"column":18},"end":{"line":68,"column":null}},"34":{"start":{"line":69,"column":21},"end":{"line":69,"column":null}},"35":{"start":{"line":70,"column":22},"end":{"line":70,"column":null}},"36":{"start":{"line":72,"column":6},"end":{"line":74,"column":null}},"37":{"start":{"line":73,"column":8},"end":{"line":73,"column":null}},"38":{"start":{"line":76,"column":6},"end":{"line":76,"column":null}},"39":{"start":{"line":77,"column":6},"end":{"line":79,"column":null}},"40":{"start":{"line":78,"column":8},"end":{"line":78,"column":null}},"41":{"start":{"line":82,"column":6},"end":{"line":87,"column":null}},"42":{"start":{"line":83,"column":8},"end":{"line":83,"column":null}},"43":{"start":{"line":85,"column":8},"end":{"line":85,"column":null}},"44":{"start":{"line":86,"column":8},"end":{"line":86,"column":null}},"45":{"start":{"line":89,"column":6},"end":{"line":89,"column":null}},"46":{"start":{"line":91,"column":6},"end":{"line":91,"column":null}},"47":{"start":{"line":93,"column":6},"end":{"line":93,"column":null}},"48":{"start":{"line":97,"column":2},"end":{"line":110,"column":null}},"49":{"start":{"line":103,"column":62},"end":{"line":103,"column":108}},"50":{"start":{"line":104,"column":78},"end":{"line":104,"column":124}}},"fnMap":{"0":{"name":"(anonymous_0)","decl":{"start":{"line":5,"column":23},"end":{"line":5,"column":24}},"loc":{"start":{"line":5,"column":41},"end":{"line":19,"column":null}},"line":5},"1":{"name":"(anonymous_1)","decl":{"start":{"line":21,"column":29},"end":{"line":21,"column":30}},"loc":{"start":{"line":21,"column":42},"end":{"line":31,"column":null}},"line":21},"2":{"name":"(anonymous_2)","decl":{"start":{"line":33,"column":31},"end":{"line":33,"column":32}},"loc":{"start":{"line":33,"column":44},"end":{"line":35,"column":null}},"line":33},"3":{"name":"Login","decl":{"start":{"line":37,"column":24},"end":{"line":37,"column":32}},"loc":{"start":{"line":37,"column":32},"end":{"line":112,"column":null}},"line":37},"4":{"name":"(anonymous_4)","decl":{"start":{"line":43,"column":31},"end":{"line":43,"column":38}},"loc":{"start":{"line":43,"column":44},"end":{"line":60,"column":null}},"line":43},"5":{"name":"(anonymous_5)","decl":{"start":{"line":62,"column":23},"end":{"line":62,"column":30}},"loc":{"start":{"line":62,"column":36},"end":{"line":95,"column":null}},"line":62},"6":{"name":"(anonymous_6)","decl":{"start":{"line":103,"column":57},"end":{"line":103,"column":62}},"loc":{"start":{"line":103,"column":62},"end":{"line":103,"column":108}},"line":103},"7":{"name":"(anonymous_7)","decl":{"start":{"line":104,"column":73},"end":{"line":104,"column":78}},"loc":{"start":{"line":104,"column":78},"end":{"line":104,"column":124}},"line":104}},"branchMap":{"0":{"loc":{"start":{"line":8,"column":18},"end":{"line":8,"column":null}},"type":"cond-expr","locations":[{"start":{"line":8,"column":45},"end":{"line":8,"column":52}},{"start":{"line":8,"column":52},"end":{"line":8,"column":null}}],"line":8},"1":{"loc":{"start":{"line":8,"column":52},"end":{"line":8,"column":null}},"type":"binary-expr","locations":[{"start":{"line":8,"column":52},"end":{"line":8,"column":69}},{"start":{"line":8,"column":69},"end":{"line":8,"column":84}},{"start":{"line":8,"column":84},"end":{"line":8,"column":null}}],"line":8},"2":{"loc":{"start":{"line":10,"column":2},"end":{"line":12,"column":null}},"type":"if","locations":[{"start":{"line":10,"column":2},"end":{"line":12,"column":null}},{"start":{},"end":{}}],"line":10},"3":{"loc":{"start":{"line":10,"column":6},"end":{"line":10,"column":36}},"type":"binary-expr","locations":[{"start":{"line":10,"column":6},"end":{"line":10,"column":23}},{"start":{"line":10,"column":23},"end":{"line":10,"column":36}}],"line":10},"4":{"loc":{"start":{"line":14,"column":2},"end":{"line":16,"column":null}},"type":"if","locations":[{"start":{"line":14,"column":2},"end":{"line":16,"column":null}},{"start":{},"end":{}}],"line":14},"5":{"loc":{"start":{"line":18,"column":33},"end":{"line":18,"column":63}},"type":"cond-expr","locations":[{"start":{"line":18,"column":43},"end":{"line":18,"column":61}},{"start":{"line":18,"column":61},"end":{"line":18,"column":63}}],"line":18},"6":{"loc":{"start":{"line":23,"column":4},"end":{"line":29,"column":null}},"type":"binary-expr","locations":[{"start":{"line":23,"column":4},"end":{"line":23,"column":null}},{"start":{"line":24,"column":4},"end":{"line":24,"column":null}},{"start":{"line":25,"column":4},"end":{"line":25,"column":null}},{"start":{"line":26,"column":4},"end":{"line":26,"column":null}},{"start":{"line":27,"column":4},"end":{"line":27,"column":null}},{"start":{"line":28,"column":4},"end":{"line":28,"column":null}},{"start":{"line":29,"column":4},"end":{"line":29,"column":null}}],"line":23},"7":{"loc":{"start":{"line":34,"column":9},"end":{"line":34,"column":null}},"type":"binary-expr","locations":[{"start":{"line":34,"column":9},"end":{"line":34,"column":33}},{"start":{"line":34,"column":33},"end":{"line":34,"column":52}},{"start":{"line":34,"column":52},"end":{"line":34,"column":82}},{"start":{"line":34,"column":82},"end":{"line":34,"column":107}},{"start":{"line":34,"column":107},"end":{"line":34,"column":null}}],"line":34},"8":{"loc":{"start":{"line":50,"column":4},"end":{"line":52,"column":null}},"type":"if","locations":[{"start":{"line":50,"column":4},"end":{"line":52,"column":null}},{"start":{},"end":{}}],"line":50},"9":{"loc":{"start":{"line":72,"column":6},"end":{"line":74,"column":null}},"type":"if","locations":[{"start":{"line":72,"column":6},"end":{"line":74,"column":null}},{"start":{},"end":{}}],"line":72},"10":{"loc":{"start":{"line":77,"column":6},"end":{"line":79,"column":null}},"type":"if","locations":[{"start":{"line":77,"column":6},"end":{"line":79,"column":null}},{"start":{},"end":{}}],"line":77},"11":{"loc":{"start":{"line":100,"column":7},"end":{"line":100,"column":null}},"type":"binary-expr","locations":[{"start":{"line":100,"column":7},"end":{"line":100,"column":18}},{"start":{"line":100,"column":18},"end":{"line":100,"column":null}}],"line":100},"12":{"loc":{"start":{"line":101,"column":7},"end":{"line":101,"column":null}},"type":"binary-expr","locations":[{"start":{"line":101,"column":7},"end":{"line":101,"column":16}},{"start":{"line":101,"column":16},"end":{"line":101,"column":null}}],"line":101}},"s":{"0":2,"1":1,"2":1,"3":1,"4":1,"5":1,"6":0,"7":0,"8":0,"9":2,"10":2,"11":2,"12":2,"13":12,"14":12,"15":12,"16":12,"17":12,"18":1,"19":1,"20":1,"21":1,"22":1,"23":0,"24":1,"25":1,"26":1,"27":0,"28":12,"29":2,"30":2,"31":2,"32":2,"33":2,"34":2,"35":2,"36":2,"37":1,"38":1,"39":1,"40":1,"41":1,"42":1,"43":0,"44":0,"45":1,"46":1,"47":1,"48":12,"49":2,"50":2},"f":{"0":1,"1":2,"2":2,"3":12,"4":1,"5":2,"6":2,"7":2},"b":{"0":[0,1],"1":[1,1,1],"2":[1,0],"3":[1,1],"4":[0,0],"5":[0,0],"6":[2,1,1,1,1,1,1],"7":[2,1,1,1,1],"8":[0,1],"9":[1,1],"10":[1,0],"11":[12,2],"12":[12,1]},"meta":{"lastBranch":13,"lastFunction":8,"lastStatement":51,"seen":{"s:5:23:19:Infinity":0,"f:5:23:5:24":0,"s:6:17:6:Infinity":1,"s:7:15:7:Infinity":2,"s:8:18:8:Infinity":3,"b:8:45:8:52:8:52:8:Infinity":0,"b:8:52:8:69:8:69:8:84:8:84:8:Infinity":1,"b:10:2:12:Infinity:undefined:undefined:undefined:undefined":2,"s:10:2:12:Infinity":4,"b:10:6:10:23:10:23:10:36":3,"s:11:4:11:Infinity":5,"b:14:2:16:Infinity:undefined:undefined:undefined:undefined":4,"s:14:2:16:Infinity":6,"s:15:4:15:Infinity":7,"s:18:2:18:Infinity":8,"b:18:43:18:61:18:61:18:63":5,"s:21:29:31:Infinity":9,"f:21:29:21:30":1,"s:22:2:29:Infinity":10,"b:23:4:23:Infinity:24:4:24:Infinity:25:4:25:Infinity:26:4:26:Infinity:27:4:27:Infinity:28:4:28:Infinity:29:4:29:Infinity":6,"s:33:31:35:Infinity":11,"f:33:31:33:32":2,"s:34:2:34:Infinity":12,"b:34:9:34:33:34:33:34:52:34:52:34:82:34:82:34:107:34:107:34:Infinity":7,"f:37:24:37:32":3,"s:38:22:38:Infinity":13,"s:39:24:39:Infinity":14,"s:40:28:40:Infinity":15,"s:41:8:41:Infinity":16,"s:43:31:60:Infinity":17,"f:43:31:43:38":4,"s:44:4:44:Infinity":18,"s:45:4:45:Infinity":19,"s:46:4:46:Infinity":20,"s:48:18:48:Infinity":21,"b:50:4:52:Infinity:undefined:undefined:undefined:undefined":8,"s:50:4:52:Infinity":22,"s:51:6:51:Infinity":23,"s:54:4:59:Infinity":24,"s:55:6:55:Infinity":25,"s:56:6:56:Infinity":26,"s:58:6:58:Infinity":27,"s:62:23:95:Infinity":28,"f:62:23:62:30":5,"s:63:4:63:Infinity":29,"s:64:4:64:Infinity":30,"s:65:4:65:Infinity":31,"s:67:4:94:Infinity":32,"s:68:18:68:Infinity":33,"s:69:21:69:Infinity":34,"s:70:22:70:Infinity":35,"b:72:6:74:Infinity:undefined:undefined:undefined:undefined":9,"s:72:6:74:Infinity":36,"s:73:8:73:Infinity":37,"s:76:6:76:Infinity":38,"b:77:6:79:Infinity:undefined:undefined:undefined:undefined":10,"s:77:6:79:Infinity":39,"s:78:8:78:Infinity":40,"s:82:6:87:Infinity":41,"s:83:8:83:Infinity":42,"s:85:8:85:Infinity":43,"s:86:8:86:Infinity":44,"s:89:6:89:Infinity":45,"s:91:6:91:Infinity":46,"s:93:6:93:Infinity":47,"s:97:2:110:Infinity":48,"b:100:7:100:18:100:18:100:Infinity":11,"b:101:7:101:16:101:16:101:Infinity":12,"f:103:57:103:62":6,"s:103:62:103:108":49,"f:104:73:104:78":7,"s:104:78:104:124":50}}}
,"/Users/marie.collinge/dev_folder/ESA_FE/ticketing-frontend/src/pages/Pets.jsx": {"path":"/Users/marie.collinge/dev_folder/ESA_FE/ticketing-frontend/src/pages/Pets.jsx","statementMap":{"0":{"start":{"line":10,"column":19},"end":{"line":16,"column":null}},"1":{"start":{"line":18,"column":23},"end":{"line":35,"column":null}},"2":{"start":{"line":19,"column":17},"end":{"line":19,"column":null}},"3":{"start":{"line":20,"column":15},"end":{"line":20,"column":null}},"4":{"start":{"line":22,"column":4},"end":{"line":24,"column":null}},"5":{"start":{"line":26,"column":2},"end":{"line":28,"column":null}},"6":{"start":{"line":27,"column":4},"end":{"line":27,"column":null}},"7":{"start":{"line":30,"column":2},"end":{"line":32,"column":null}},"8":{"start":{"line":31,"column":4},"end":{"line":31,"column":null}},"9":{"start":{"line":34,"column":2},"end":{"line":34,"column":null}},"10":{"start":{"line":37,"column":25},"end":{"line":56,"column":null}},"11":{"start":{"line":38,"column":18},"end":{"line":43,"column":null}},"12":{"start":{"line":45,"column":2},"end":{"line":47,"column":null}},"13":{"start":{"line":46,"column":4},"end":{"line":46,"column":null}},"14":{"start":{"line":49,"column":2},"end":{"line":53,"column":null}},"15":{"start":{"line":50,"column":4},"end":{"line":52,"column":null}},"16":{"start":{"line":51,"column":6},"end":{"line":51,"column":null}},"17":{"start":{"line":55,"column":2},"end":{"line":55,"column":null}},"18":{"start":{"line":58,"column":17},"end":{"line":58,"column":null}},"19":{"start":{"line":58,"column":26},"end":{"line":58,"column":null}},"20":{"start":{"line":61,"column":28},"end":{"line":61,"column":null}},"21":{"start":{"line":62,"column":26},"end":{"line":62,"column":null}},"22":{"start":{"line":63,"column":34},"end":{"line":63,"column":null}},"23":{"start":{"line":64,"column":30},"end":{"line":64,"column":null}},"24":{"start":{"line":65,"column":38},"end":{"line":65,"column":null}},"25":{"start":{"line":66,"column":28},"end":{"line":66,"column":null}},"26":{"start":{"line":67,"column":34},"end":{"line":67,"column":null}},"27":{"start":{"line":68,"column":24},"end":{"line":68,"column":null}},"28":{"start":{"line":69,"column":28},"end":{"line":69,"column":null}},"29":{"start":{"line":71,"column":8},"end":{"line":74,"column":null}},"30":{"start":{"line":72,"column":10},"end":{"line":72,"column":null}},"31":{"start":{"line":72,"column":38},"end":{"line":72,"column":51}},"32":{"start":{"line":76,"column":19},"end":{"line":89,"column":null}},"33":{"start":{"line":77,"column":4},"end":{"line":77,"column":null}},"34":{"start":{"line":78,"column":4},"end":{"line":78,"column":null}},"35":{"start":{"line":80,"column":4},"end":{"line":88,"column":null}},"36":{"start":{"line":81,"column":32},"end":{"line":81,"column":null}},"37":{"start":{"line":82,"column":6},"end":{"line":82,"column":null}},"38":{"start":{"line":83,"column":6},"end":{"line":83,"column":null}},"39":{"start":{"line":85,"column":6},"end":{"line":85,"column":null}},"40":{"start":{"line":87,"column":6},"end":{"line":87,"column":null}},"41":{"start":{"line":91,"column":2},"end":{"line":93,"column":null}},"42":{"start":{"line":92,"column":4},"end":{"line":92,"column":null}},"43":{"start":{"line":95,"column":23},"end":{"line":112,"column":null}},"44":{"start":{"line":96,"column":15},"end":{"line":96,"column":null}},"45":{"start":{"line":97,"column":4},"end":{"line":100,"column":null}},"46":{"start":{"line":98,"column":6},"end":{"line":98,"column":null}},"47":{"start":{"line":99,"column":6},"end":{"line":99,"column":null}},"48":{"start":{"line":102,"column":4},"end":{"line":102,"column":null}},"49":{"start":{"line":103,"column":4},"end":{"line":109,"column":null}},"50":{"start":{"line":110,"column":4},"end":{"line":110,"column":null}},"51":{"start":{"line":111,"column":4},"end":{"line":111,"column":null}},"52":{"start":{"line":114,"column":24},"end":{"line":117,"column":null}},"53":{"start":{"line":115,"column":4},"end":{"line":115,"column":null}},"54":{"start":{"line":116,"column":4},"end":{"line":116,"column":null}},"55":{"start":{"line":119,"column":23},"end":{"line":135,"column":null}},"56":{"start":{"line":120,"column":4},"end":{"line":120,"column":null}},"57":{"start":{"line":121,"column":4},"end":{"line":121,"column":null}},"58":{"start":{"line":122,"column":4},"end":{"line":122,"column":null}},"59":{"start":{"line":123,"column":4},"end":{"line":123,"column":null}},"60":{"start":{"line":125,"column":4},"end":{"line":134,"column":null}},"61":{"start":{"line":126,"column":6},"end":{"line":126,"column":null}},"62":{"start":{"line":127,"column":6},"end":{"line":127,"column":null}},"63":{"start":{"line":128,"column":6},"end":{"line":128,"column":null}},"64":{"start":{"line":129,"column":6},"end":{"line":129,"column":null}},"65":{"start":{"line":131,"column":6},"end":{"line":131,"column":null}},"66":{"start":{"line":133,"column":6},"end":{"line":133,"column":null}},"67":{"start":{"line":137,"column":23},"end":{"line":158,"column":null}},"68":{"start":{"line":138,"column":4},"end":{"line":138,"column":null}},"69":{"start":{"line":140,"column":4},"end":{"line":142,"column":null}},"70":{"start":{"line":141,"column":6},"end":{"line":141,"column":null}},"71":{"start":{"line":144,"column":4},"end":{"line":144,"column":null}},"72":{"start":{"line":145,"column":4},"end":{"line":145,"column":null}},"73":{"start":{"line":146,"column":4},"end":{"line":146,"column":null}},"74":{"start":{"line":148,"column":4},"end":{"line":157,"column":null}},"75":{"start":{"line":149,"column":6},"end":{"line":149,"column":null}},"76":{"start":{"line":150,"column":6},"end":{"line":150,"column":null}},"77":{"start":{"line":151,"column":6},"end":{"line":151,"column":null}},"78":{"start":{"line":152,"column":6},"end":{"line":152,"column":null}},"79":{"start":{"line":154,"column":6},"end":{"line":154,"column":null}},"80":{"start":{"line":156,"column":6},"end":{"line":156,"column":null}},"81":{"start":{"line":160,"column":23},"end":{"line":186,"column":null}},"82":{"start":{"line":161,"column":4},"end":{"line":163,"column":null}},"83":{"start":{"line":162,"column":6},"end":{"line":162,"column":null}},"84":{"start":{"line":165,"column":22},"end":{"line":165,"column":null}},"85":{"start":{"line":166,"column":4},"end":{"line":168,"column":null}},"86":{"start":{"line":167,"column":6},"end":{"line":167,"column":null}},"87":{"start":{"line":170,"column":4},"end":{"line":170,"column":null}},"88":{"start":{"line":171,"column":4},"end":{"line":171,"column":null}},"89":{"start":{"line":172,"column":4},"end":{"line":172,"column":null}},"90":{"start":{"line":174,"column":4},"end":{"line":185,"column":null}},"91":{"start":{"line":175,"column":6},"end":{"line":175,"column":null}},"92":{"start":{"line":176,"column":6},"end":{"line":176,"column":null}},"93":{"start":{"line":177,"column":6},"end":{"line":179,"column":null}},"94":{"start":{"line":178,"column":8},"end":{"line":178,"column":null}},"95":{"start":{"line":180,"column":6},"end":{"line":180,"column":null}},"96":{"start":{"line":182,"column":6},"end":{"line":182,"column":null}},"97":{"start":{"line":184,"column":6},"end":{"line":184,"column":null}},"98":{"start":{"line":188,"column":2},"end":{"line":358,"column":null}},"99":{"start":{"line":202,"column":14},"end":{"line":202,"column":null}},"100":{"start":{"line":210,"column":14},"end":{"line":210,"column":null}},"101":{"start":{"line":217,"column":14},"end":{"line":217,"column":null}},"102":{"start":{"line":226,"column":14},"end":{"line":226,"column":null}},"103":{"start":{"line":234,"column":14},"end":{"line":234,"column":null}},"104":{"start":{"line":251,"column":31},"end":{"line":251,"column":null}},"105":{"start":{"line":258,"column":16},"end":{"line":258,"column":null}},"106":{"start":{"line":264,"column":31},"end":{"line":264,"column":null}},"107":{"start":{"line":271,"column":31},"end":{"line":271,"column":null}},"108":{"start":{"line":278,"column":16},"end":{"line":278,"column":null}},"109":{"start":{"line":300,"column":25},"end":{"line":300,"column":null}},"110":{"start":{"line":301,"column":14},"end":{"line":326,"column":null}},"111":{"start":{"line":312,"column":39},"end":{"line":312,"column":null}},"112":{"start":{"line":319,"column":39},"end":{"line":319,"column":null}},"113":{"start":{"line":342,"column":25},"end":{"line":342,"column":null}},"114":{"start":{"line":343,"column":29},"end":{"line":343,"column":null}},"115":{"start":{"line":345,"column":14},"end":{"line":352,"column":null}}},"fnMap":{"0":{"name":"(anonymous_0)","decl":{"start":{"line":18,"column":23},"end":{"line":18,"column":24}},"loc":{"start":{"line":18,"column":41},"end":{"line":35,"column":null}},"line":18},"1":{"name":"(anonymous_1)","decl":{"start":{"line":37,"column":25},"end":{"line":37,"column":26}},"loc":{"start":{"line":37,"column":35},"end":{"line":56,"column":null}},"line":37},"2":{"name":"(anonymous_2)","decl":{"start":{"line":49,"column":31},"end":{"line":49,"column":32}},"loc":{"start":{"line":49,"column":40},"end":{"line":53,"column":3}},"line":49},"3":{"name":"(anonymous_3)","decl":{"start":{"line":58,"column":17},"end":{"line":58,"column":18}},"loc":{"start":{"line":58,"column":26},"end":{"line":58,"column":null}},"line":58},"4":{"name":"Pets","decl":{"start":{"line":60,"column":24},"end":{"line":60,"column":31}},"loc":{"start":{"line":60,"column":31},"end":{"line":360,"column":null}},"line":60},"5":{"name":"(anonymous_5)","decl":{"start":{"line":72,"column":4},"end":{"line":72,"column":10}},"loc":{"start":{"line":72,"column":10},"end":{"line":72,"column":null}},"line":72},"6":{"name":"(anonymous_6)","decl":{"start":{"line":72,"column":29},"end":{"line":72,"column":30}},"loc":{"start":{"line":72,"column":38},"end":{"line":72,"column":51}},"line":72},"7":{"name":"(anonymous_7)","decl":{"start":{"line":76,"column":19},"end":{"line":76,"column":31}},"loc":{"start":{"line":76,"column":31},"end":{"line":89,"column":null}},"line":76},"8":{"name":"(anonymous_8)","decl":{"start":{"line":91,"column":12},"end":{"line":91,"column":18}},"loc":{"start":{"line":91,"column":18},"end":{"line":93,"column":5}},"line":91},"9":{"name":"(anonymous_9)","decl":{"start":{"line":95,"column":23},"end":{"line":95,"column":24}},"loc":{"start":{"line":95,"column":32},"end":{"line":112,"column":null}},"line":95},"10":{"name":"(anonymous_10)","decl":{"start":{"line":114,"column":24},"end":{"line":114,"column":30}},"loc":{"start":{"line":114,"column":30},"end":{"line":117,"column":null}},"line":114},"11":{"name":"(anonymous_11)","decl":{"start":{"line":119,"column":23},"end":{"line":119,"column":30}},"loc":{"start":{"line":119,"column":36},"end":{"line":135,"column":null}},"line":119},"12":{"name":"(anonymous_12)","decl":{"start":{"line":137,"column":23},"end":{"line":137,"column":30}},"loc":{"start":{"line":137,"column":36},"end":{"line":158,"column":null}},"line":137},"13":{"name":"(anonymous_13)","decl":{"start":{"line":160,"column":23},"end":{"line":160,"column":30}},"loc":{"start":{"line":160,"column":37},"end":{"line":186,"column":null}},"line":160},"14":{"name":"(anonymous_14)","decl":{"start":{"line":201,"column":22},"end":{"line":201,"column":23}},"loc":{"start":{"line":202,"column":14},"end":{"line":202,"column":null}},"line":202},"15":{"name":"(anonymous_15)","decl":{"start":{"line":209,"column":22},"end":{"line":209,"column":23}},"loc":{"start":{"line":210,"column":14},"end":{"line":210,"column":null}},"line":210},"16":{"name":"(anonymous_16)","decl":{"start":{"line":216,"column":22},"end":{"line":216,"column":23}},"loc":{"start":{"line":217,"column":14},"end":{"line":217,"column":null}},"line":217},"17":{"name":"(anonymous_17)","decl":{"start":{"line":225,"column":22},"end":{"line":225,"column":23}},"loc":{"start":{"line":226,"column":14},"end":{"line":226,"column":null}},"line":226},"18":{"name":"(anonymous_18)","decl":{"start":{"line":233,"column":22},"end":{"line":233,"column":23}},"loc":{"start":{"line":234,"column":14},"end":{"line":234,"column":null}},"line":234},"19":{"name":"(anonymous_19)","decl":{"start":{"line":251,"column":24},"end":{"line":251,"column":25}},"loc":{"start":{"line":251,"column":31},"end":{"line":251,"column":null}},"line":251},"20":{"name":"(anonymous_20)","decl":{"start":{"line":257,"column":24},"end":{"line":257,"column":25}},"loc":{"start":{"line":258,"column":16},"end":{"line":258,"column":null}},"line":258},"21":{"name":"(anonymous_21)","decl":{"start":{"line":264,"column":24},"end":{"line":264,"column":25}},"loc":{"start":{"line":264,"column":31},"end":{"line":264,"column":null}},"line":264},"22":{"name":"(anonymous_22)","decl":{"start":{"line":271,"column":24},"end":{"line":271,"column":25}},"loc":{"start":{"line":271,"column":31},"end":{"line":271,"column":null}},"line":271},"23":{"name":"(anonymous_23)","decl":{"start":{"line":277,"column":24},"end":{"line":277,"column":25}},"loc":{"start":{"line":278,"column":16},"end":{"line":278,"column":null}},"line":278},"24":{"name":"(anonymous_24)","decl":{"start":{"line":299,"column":24},"end":{"line":299,"column":25}},"loc":{"start":{"line":299,"column":33},"end":{"line":328,"column":13}},"line":299},"25":{"name":"(anonymous_25)","decl":{"start":{"line":312,"column":33},"end":{"line":312,"column":39}},"loc":{"start":{"line":312,"column":39},"end":{"line":312,"column":null}},"line":312},"26":{"name":"(anonymous_26)","decl":{"start":{"line":319,"column":33},"end":{"line":319,"column":39}},"loc":{"start":{"line":319,"column":39},"end":{"line":319,"column":null}},"line":319},"27":{"name":"(anonymous_27)","decl":{"start":{"line":341,"column":25},"end":{"line":341,"column":26}},"loc":{"start":{"line":341,"column":34},"end":{"line":354,"column":13}},"line":341}},"branchMap":{"0":{"loc":{"start":{"line":22,"column":4},"end":{"line":24,"column":null}},"type":"cond-expr","locations":[{"start":{"line":23,"column":8},"end":{"line":23,"column":null}},{"start":{"line":24,"column":8},"end":{"line":24,"column":null}}],"line":22},"1":{"loc":{"start":{"line":24,"column":8},"end":{"line":24,"column":null}},"type":"binary-expr","locations":[{"start":{"line":24,"column":8},"end":{"line":24,"column":25}},{"start":{"line":24,"column":25},"end":{"line":24,"column":40}},{"start":{"line":24,"column":40},"end":{"line":24,"column":null}}],"line":24},"2":{"loc":{"start":{"line":26,"column":2},"end":{"line":28,"column":null}},"type":"if","locations":[{"start":{"line":26,"column":2},"end":{"line":28,"column":null}},{"start":{},"end":{}}],"line":26},"3":{"loc":{"start":{"line":26,"column":6},"end":{"line":26,"column":36}},"type":"binary-expr","locations":[{"start":{"line":26,"column":6},"end":{"line":26,"column":23}},{"start":{"line":26,"column":23},"end":{"line":26,"column":36}}],"line":26},"4":{"loc":{"start":{"line":30,"column":2},"end":{"line":32,"column":null}},"type":"if","locations":[{"start":{"line":30,"column":2},"end":{"line":32,"column":null}},{"start":{},"end":{}}],"line":30},"5":{"loc":{"start":{"line":34,"column":33},"end":{"line":34,"column":63}},"type":"cond-expr","locations":[{"start":{"line":34,"column":43},"end":{"line":34,"column":61}},{"start":{"line":34,"column":61},"end":{"line":34,"column":63}}],"line":34},"6":{"loc":{"start":{"line":45,"column":2},"end":{"line":47,"column":null}},"type":"if","locations":[{"start":{"line":45,"column":2},"end":{"line":47,"column":null}},{"start":{},"end":{}}],"line":45},"7":{"loc":{"start":{"line":50,"column":4},"end":{"line":52,"column":null}},"type":"if","locations":[{"start":{"line":50,"column":4},"end":{"line":52,"column":null}},{"start":{},"end":{}}],"line":50},"8":{"loc":{"start":{"line":50,"column":8},"end":{"line":50,"column":53}},"type":"binary-expr","locations":[{"start":{"line":50,"column":8},"end":{"line":50,"column":31}},{"start":{"line":50,"column":31},"end":{"line":50,"column":53}}],"line":50},"9":{"loc":{"start":{"line":58,"column":26},"end":{"line":58,"column":null}},"type":"binary-expr","locations":[{"start":{"line":58,"column":26},"end":{"line":58,"column":36}},{"start":{"line":58,"column":36},"end":{"line":58,"column":49}},{"start":{"line":58,"column":49},"end":{"line":58,"column":null}}],"line":58},"10":{"loc":{"start":{"line":82,"column":17},"end":{"line":82,"column":62}},"type":"cond-expr","locations":[{"start":{"line":82,"column":46},"end":{"line":82,"column":60}},{"start":{"line":82,"column":60},"end":{"line":82,"column":62}}],"line":82},"11":{"loc":{"start":{"line":83,"column":16},"end":{"line":83,"column":63}},"type":"cond-expr","locations":[{"start":{"line":83,"column":46},"end":{"line":83,"column":61}},{"start":{"line":83,"column":61},"end":{"line":83,"column":63}}],"line":83},"12":{"loc":{"start":{"line":97,"column":4},"end":{"line":100,"column":null}},"type":"if","locations":[{"start":{"line":97,"column":4},"end":{"line":100,"column":null}},{"start":{},"end":{}}],"line":97},"13":{"loc":{"start":{"line":104,"column":12},"end":{"line":104,"column":null}},"type":"binary-expr","locations":[{"start":{"line":104,"column":12},"end":{"line":104,"column":24}},{"start":{"line":104,"column":24},"end":{"line":104,"column":null}}],"line":104},"14":{"loc":{"start":{"line":105,"column":15},"end":{"line":105,"column":null}},"type":"binary-expr","locations":[{"start":{"line":105,"column":15},"end":{"line":105,"column":30}},{"start":{"line":105,"column":30},"end":{"line":105,"column":null}}],"line":105},"15":{"loc":{"start":{"line":106,"column":13},"end":{"line":106,"column":null}},"type":"binary-expr","locations":[{"start":{"line":106,"column":13},"end":{"line":106,"column":26}},{"start":{"line":106,"column":26},"end":{"line":106,"column":null}}],"line":106},"16":{"loc":{"start":{"line":107,"column":11},"end":{"line":107,"column":null}},"type":"cond-expr","locations":[{"start":{"line":107,"column":29},"end":{"line":107,"column":47}},{"start":{"line":107,"column":47},"end":{"line":107,"column":null}}],"line":107},"17":{"loc":{"start":{"line":108,"column":19},"end":{"line":108,"column":null}},"type":"binary-expr","locations":[{"start":{"line":108,"column":19},"end":{"line":108,"column":38}},{"start":{"line":108,"column":38},"end":{"line":108,"column":51}},{"start":{"line":108,"column":51},"end":{"line":108,"column":null}}],"line":108},"18":{"loc":{"start":{"line":140,"column":4},"end":{"line":142,"column":null}},"type":"if","locations":[{"start":{"line":140,"column":4},"end":{"line":142,"column":null}},{"start":{},"end":{}}],"line":140},"19":{"loc":{"start":{"line":161,"column":4},"end":{"line":163,"column":null}},"type":"if","locations":[{"start":{"line":161,"column":4},"end":{"line":163,"column":null}},{"start":{},"end":{}}],"line":161},"20":{"loc":{"start":{"line":166,"column":4},"end":{"line":168,"column":null}},"type":"if","locations":[{"start":{"line":166,"column":4},"end":{"line":168,"column":null}},{"start":{},"end":{}}],"line":166},"21":{"loc":{"start":{"line":177,"column":6},"end":{"line":179,"column":null}},"type":"if","locations":[{"start":{"line":177,"column":6},"end":{"line":179,"column":null}},{"start":{},"end":{}}],"line":177},"22":{"loc":{"start":{"line":191,"column":7},"end":{"line":191,"column":null}},"type":"binary-expr","locations":[{"start":{"line":191,"column":7},"end":{"line":191,"column":18}},{"start":{"line":191,"column":18},"end":{"line":191,"column":null}}],"line":191},"23":{"loc":{"start":{"line":192,"column":7},"end":{"line":192,"column":null}},"type":"binary-expr","locations":[{"start":{"line":192,"column":7},"end":{"line":192,"column":16}},{"start":{"line":192,"column":16},"end":{"line":192,"column":null}}],"line":192},"24":{"loc":{"start":{"line":238,"column":13},"end":{"line":238,"column":null}},"type":"cond-expr","locations":[{"start":{"line":238,"column":26},"end":{"line":238,"column":40}},{"start":{"line":238,"column":40},"end":{"line":238,"column":null}}],"line":238},"25":{"loc":{"start":{"line":243,"column":7},"end":{"line":288,"column":null}},"type":"binary-expr","locations":[{"start":{"line":243,"column":7},"end":{"line":243,"column":null}},{"start":{"line":244,"column":8},"end":{"line":288,"column":null}}],"line":243},"26":{"loc":{"start":{"line":282,"column":15},"end":{"line":282,"column":null}},"type":"cond-expr","locations":[{"start":{"line":282,"column":28},"end":{"line":282,"column":44}},{"start":{"line":282,"column":44},"end":{"line":282,"column":null}}],"line":282},"27":{"loc":{"start":{"line":293,"column":9},"end":{"line":329,"column":null}},"type":"cond-expr","locations":[{"start":{"line":294,"column":10},"end":{"line":294,"column":null}},{"start":{"line":295,"column":12},"end":{"line":329,"column":null}}],"line":293},"28":{"loc":{"start":{"line":295,"column":12},"end":{"line":329,"column":null}},"type":"cond-expr","locations":[{"start":{"line":296,"column":10},"end":{"line":296,"column":null}},{"start":{"line":298,"column":10},"end":{"line":329,"column":null}}],"line":295},"29":{"loc":{"start":{"line":303,"column":27},"end":{"line":303,"column":49}},"type":"binary-expr","locations":[{"start":{"line":303,"column":27},"end":{"line":303,"column":39}},{"start":{"line":303,"column":39},"end":{"line":303,"column":49}}],"line":303},"30":{"loc":{"start":{"line":304,"column":19},"end":{"line":304,"column":null}},"type":"cond-expr","locations":[{"start":{"line":304,"column":33},"end":{"line":304,"column":55}},{"start":{"line":304,"column":55},"end":{"line":304,"column":null}}],"line":304},"31":{"loc":{"start":{"line":305,"column":19},"end":{"line":305,"column":null}},"type":"cond-expr","locations":[{"start":{"line":305,"column":31},"end":{"line":305,"column":51}},{"start":{"line":305,"column":51},"end":{"line":305,"column":null}}],"line":305},"32":{"loc":{"start":{"line":306,"column":19},"end":{"line":306,"column":null}},"type":"cond-expr","locations":[{"start":{"line":306,"column":37},"end":{"line":306,"column":59}},{"start":{"line":306,"column":59},"end":{"line":306,"column":null}}],"line":306},"33":{"loc":{"start":{"line":307,"column":19},"end":{"line":324,"column":null}},"type":"binary-expr","locations":[{"start":{"line":307,"column":19},"end":{"line":307,"column":null}},{"start":{"line":308,"column":20},"end":{"line":324,"column":null}}],"line":307},"34":{"loc":{"start":{"line":302,"column":25},"end":{"line":302,"column":null}},"type":"binary-expr","locations":[{"start":{"line":302,"column":25},"end":{"line":302,"column":31}},{"start":{"line":302,"column":31},"end":{"line":302,"column":null}}],"line":302},"35":{"loc":{"start":{"line":335,"column":9},"end":{"line":355,"column":null}},"type":"cond-expr","locations":[{"start":{"line":336,"column":10},"end":{"line":336,"column":null}},{"start":{"line":337,"column":12},"end":{"line":355,"column":null}}],"line":335},"36":{"loc":{"start":{"line":337,"column":12},"end":{"line":355,"column":null}},"type":"cond-expr","locations":[{"start":{"line":338,"column":10},"end":{"line":338,"column":null}},{"start":{"line":340,"column":10},"end":{"line":355,"column":null}}],"line":337},"37":{"loc":{"start":{"line":343,"column":29},"end":{"line":343,"column":null}},"type":"cond-expr","locations":[{"start":{"line":343,"column":34},"end":{"line":343,"column":53}},{"start":{"line":343,"column":53},"end":{"line":343,"column":null}}],"line":343},"38":{"loc":{"start":{"line":347,"column":27},"end":{"line":347,"column":49}},"type":"binary-expr","locations":[{"start":{"line":347,"column":27},"end":{"line":347,"column":39}},{"start":{"line":347,"column":39},"end":{"line":347,"column":49}}],"line":347},"39":{"loc":{"start":{"line":348,"column":19},"end":{"line":348,"column":null}},"type":"cond-expr","locations":[{"start":{"line":348,"column":33},"end":{"line":348,"column":55}},{"start":{"line":348,"column":55},"end":{"line":348,"column":null}}],"line":348},"40":{"loc":{"start":{"line":349,"column":19},"end":{"line":349,"column":null}},"type":"cond-expr","locations":[{"start":{"line":349,"column":31},"end":{"line":349,"column":51}},{"start":{"line":349,"column":51},"end":{"line":349,"column":null}}],"line":349},"41":{"loc":{"start":{"line":350,"column":19},"end":{"line":350,"column":null}},"type":"cond-expr","locations":[{"start":{"line":350,"column":37},"end":{"line":350,"column":59}},{"start":{"line":350,"column":59},"end":{"line":350,"column":null}}],"line":350},"42":{"loc":{"start":{"line":351,"column":19},"end":{"line":351,"column":null}},"type":"cond-expr","locations":[{"start":{"line":351,"column":28},"end":{"line":351,"column":41}},{"start":{"line":351,"column":41},"end":{"line":351,"column":null}}],"line":351},"43":{"loc":{"start":{"line":346,"column":25},"end":{"line":346,"column":null}},"type":"binary-expr","locations":[{"start":{"line":346,"column":25},"end":{"line":346,"column":31}},{"start":{"line":346,"column":31},"end":{"line":346,"column":null}}],"line":346}},"s":{"0":1,"1":1,"2":1,"3":1,"4":1,"5":1,"6":0,"7":1,"8":0,"9":1,"10":1,"11":2,"12":2,"13":1,"14":2,"15":9,"16":4,"17":2,"18":1,"19":25,"20":22,"21":22,"22":22,"23":22,"24":22,"25":22,"26":22,"27":22,"28":22,"29":22,"30":11,"31":4,"32":22,"33":9,"34":9,"35":9,"36":9,"37":8,"38":9,"39":1,"40":9,"41":22,"42":6,"43":22,"44":1,"45":1,"46":0,"47":0,"48":1,"49":1,"50":1,"51":1,"52":22,"53":1,"54":1,"55":22,"56":1,"57":1,"58":1,"59":1,"60":1,"61":1,"62":1,"63":1,"64":1,"65":0,"66":1,"67":22,"68":1,"69":1,"70":0,"71":1,"72":1,"73":1,"74":1,"75":1,"76":1,"77":1,"78":1,"79":0,"80":1,"81":22,"82":2,"83":0,"84":2,"85":2,"86":1,"87":1,"88":1,"89":1,"90":1,"91":1,"92":1,"93":1,"94":0,"95":1,"96":0,"97":1,"98":22,"99":1,"100":1,"101":0,"102":0,"103":0,"104":1,"105":0,"106":0,"107":0,"108":0,"109":10,"110":10,"111":1,"112":2,"113":10,"114":10,"115":10},"f":{"0":1,"1":2,"2":9,"3":25,"4":22,"5":11,"6":4,"7":9,"8":6,"9":1,"10":1,"11":1,"12":1,"13":2,"14":1,"15":1,"16":0,"17":0,"18":0,"19":1,"20":0,"21":0,"22":0,"23":0,"24":10,"25":1,"26":2,"27":10},"b":{"0":[1,0],"1":[0,0,0],"2":[0,1],"3":[1,0],"4":[0,1],"5":[1,0],"6":[1,1],"7":[4,5],"8":[9,5],"9":[25,0,0],"10":[8,0],"11":[8,0],"12":[0,1],"13":[1,0],"14":[1,0],"15":[1,1],"16":[1,0],"17":[1,1,1],"18":[0,1],"19":[0,2],"20":[1,1],"21":[0,1],"22":[22,3],"23":[22,1],"24":[3,19],"25":[22,3],"26":[1,2],"27":[10,12],"28":[2,10],"29":[10,0],"30":[10,0],"31":[0,10],"32":[10,0],"33":[10,10],"34":[10,0],"35":[10,12],"36":[2,10],"37":[10,0],"38":[10,0],"39":[10,0],"40":[0,10],"41":[10,0],"42":[10,0],"43":[10,0]},"meta":{"lastBranch":44,"lastFunction":28,"lastStatement":116,"seen":{"s:10:19:16:Infinity":0,"s:18:23:35:Infinity":1,"f:18:23:18:24":0,"s:19:17:19:Infinity":2,"s:20:15:20:Infinity":3,"s:22:4:24:Infinity":4,"b:23:8:23:Infinity:24:8:24:Infinity":0,"b:24:8:24:25:24:25:24:40:24:40:24:Infinity":1,"b:26:2:28:Infinity:undefined:undefined:undefined:undefined":2,"s:26:2:28:Infinity":5,"b:26:6:26:23:26:23:26:36":3,"s:27:4:27:Infinity":6,"b:30:2:32:Infinity:undefined:undefined:undefined:undefined":4,"s:30:2:32:Infinity":7,"s:31:4:31:Infinity":8,"s:34:2:34:Infinity":9,"b:34:43:34:61:34:61:34:63":5,"s:37:25:56:Infinity":10,"f:37:25:37:26":1,"s:38:18:43:Infinity":11,"b:45:2:47:Infinity:undefined:undefined:undefined:undefined":6,"s:45:2:47:Infinity":12,"s:46:4:46:Infinity":13,"s:49:2:53:Infinity":14,"f:49:31:49:32":2,"b:50:4:52:Infinity:undefined:undefined:undefined:undefined":7,"s:50:4:52:Infinity":15,"b:50:8:50:31:50:31:50:53":8,"s:51:6:51:Infinity":16,"s:55:2:55:Infinity":17,"s:58:17:58:Infinity":18,"f:58:17:58:18":3,"s:58:26:58:Infinity":19,"b:58:26:58:36:58:36:58:49:58:49:58:Infinity":9,"f:60:24:60:31":4,"s:61:28:61:Infinity":20,"s:62:26:62:Infinity":21,"s:63:34:63:Infinity":22,"s:64:30:64:Infinity":23,"s:65:38:65:Infinity":24,"s:66:28:66:Infinity":25,"s:67:34:67:Infinity":26,"s:68:24:68:Infinity":27,"s:69:28:69:Infinity":28,"s:71:8:74:Infinity":29,"f:72:4:72:10":5,"s:72:10:72:Infinity":30,"f:72:29:72:30":6,"s:72:38:72:51":31,"s:76:19:89:Infinity":32,"f:76:19:76:31":7,"s:77:4:77:Infinity":33,"s:78:4:78:Infinity":34,"s:80:4:88:Infinity":35,"s:81:32:81:Infinity":36,"s:82:6:82:Infinity":37,"b:82:46:82:60:82:60:82:62":10,"s:83:6:83:Infinity":38,"b:83:46:83:61:83:61:83:63":11,"s:85:6:85:Infinity":39,"s:87:6:87:Infinity":40,"s:91:2:93:Infinity":41,"f:91:12:91:18":8,"s:92:4:92:Infinity":42,"s:95:23:112:Infinity":43,"f:95:23:95:24":9,"s:96:15:96:Infinity":44,"b:97:4:100:Infinity:undefined:undefined:undefined:undefined":12,"s:97:4:100:Infinity":45,"s:98:6:98:Infinity":46,"s:99:6:99:Infinity":47,"s:102:4:102:Infinity":48,"s:103:4:109:Infinity":49,"b:104:12:104:24:104:24:104:Infinity":13,"b:105:15:105:30:105:30:105:Infinity":14,"b:106:13:106:26:106:26:106:Infinity":15,"b:107:29:107:47:107:47:107:Infinity":16,"b:108:19:108:38:108:38:108:51:108:51:108:Infinity":17,"s:110:4:110:Infinity":50,"s:111:4:111:Infinity":51,"s:114:24:117:Infinity":52,"f:114:24:114:30":10,"s:115:4:115:Infinity":53,"s:116:4:116:Infinity":54,"s:119:23:135:Infinity":55,"f:119:23:119:30":11,"s:120:4:120:Infinity":56,"s:121:4:121:Infinity":57,"s:122:4:122:Infinity":58,"s:123:4:123:Infinity":59,"s:125:4:134:Infinity":60,"s:126:6:126:Infinity":61,"s:127:6:127:Infinity":62,"s:128:6:128:Infinity":63,"s:129:6:129:Infinity":64,"s:131:6:131:Infinity":65,"s:133:6:133:Infinity":66,"s:137:23:158:Infinity":67,"f:137:23:137:30":12,"s:138:4:138:Infinity":68,"b:140:4:142:Infinity:undefined:undefined:undefined:undefined":18,"s:140:4:142:Infinity":69,"s:141:6:141:Infinity":70,"s:144:4:144:Infinity":71,"s:145:4:145:Infinity":72,"s:146:4:146:Infinity":73,"s:148:4:157:Infinity":74,"s:149:6:149:Infinity":75,"s:150:6:150:Infinity":76,"s:151:6:151:Infinity":77,"s:152:6:152:Infinity":78,"s:154:6:154:Infinity":79,"s:156:6:156:Infinity":80,"s:160:23:186:Infinity":81,"f:160:23:160:30":13,"b:161:4:163:Infinity:undefined:undefined:undefined:undefined":19,"s:161:4:163:Infinity":82,"s:162:6:162:Infinity":83,"s:165:22:165:Infinity":84,"b:166:4:168:Infinity:undefined:undefined:undefined:undefined":20,"s:166:4:168:Infinity":85,"s:167:6:167:Infinity":86,"s:170:4:170:Infinity":87,"s:171:4:171:Infinity":88,"s:172:4:172:Infinity":89,"s:174:4:185:Infinity":90,"s:175:6:175:Infinity":91,"s:176:6:176:Infinity":92,"b:177:6:179:Infinity:undefined:undefined:undefined:undefined":21,"s:177:6:179:Infinity":93,"s:178:8:178:Infinity":94,"s:180:6:180:Infinity":95,"s:182:6:182:Infinity":96,"s:184:6:184:Infinity":97,"s:188:2:358:Infinity":98,"b:191:7:191:18:191:18:191:Infinity":22,"b:192:7:192:16:192:16:192:Infinity":23,"f:201:22:201:23":14,"s:202:14:202:Infinity":99,"f:209:22:209:23":15,"s:210:14:210:Infinity":100,"f:216:22:216:23":16,"s:217:14:217:Infinity":101,"f:225:22:225:23":17,"s:226:14:226:Infinity":102,"f:233:22:233:23":18,"s:234:14:234:Infinity":103,"b:238:26:238:40:238:40:238:Infinity":24,"b:243:7:243:Infinity:244:8:288:Infinity":25,"f:251:24:251:25":19,"s:251:31:251:Infinity":104,"f:257:24:257:25":20,"s:258:16:258:Infinity":105,"f:264:24:264:25":21,"s:264:31:264:Infinity":106,"f:271:24:271:25":22,"s:271:31:271:Infinity":107,"f:277:24:277:25":23,"s:278:16:278:Infinity":108,"b:282:28:282:44:282:44:282:Infinity":26,"b:294:10:294:Infinity:295:12:329:Infinity":27,"b:296:10:296:Infinity:298:10:329:Infinity":28,"f:299:24:299:25":24,"s:300:25:300:Infinity":109,"s:301:14:326:Infinity":110,"b:303:27:303:39:303:39:303:49":29,"b:304:33:304:55:304:55:304:Infinity":30,"b:305:31:305:51:305:51:305:Infinity":31,"b:306:37:306:59:306:59:306:Infinity":32,"b:307:19:307:Infinity:308:20:324:Infinity":33,"f:312:33:312:39":25,"s:312:39:312:Infinity":111,"f:319:33:319:39":26,"s:319:39:319:Infinity":112,"b:302:25:302:31:302:31:302:Infinity":34,"b:336:10:336:Infinity:337:12:355:Infinity":35,"b:338:10:338:Infinity:340:10:355:Infinity":36,"f:341:25:341:26":27,"s:342:25:342:Infinity":113,"s:343:29:343:Infinity":114,"b:343:34:343:53:343:53:343:Infinity":37,"s:345:14:352:Infinity":115,"b:347:27:347:39:347:39:347:49":38,"b:348:33:348:55:348:55:348:Infinity":39,"b:349:31:349:51:349:51:349:Infinity":40,"b:350:37:350:59:350:59:350:Infinity":41,"b:351:28:351:41:351:41:351:Infinity":42,"b:346:25:346:31:346:31:346:Infinity":43}}}
,"/Users/marie.collinge/dev_folder/ESA_FE/ticketing-frontend/src/pages/Profile.jsx": {"path":"/Users/marie.collinge/dev_folder/ESA_FE/ticketing-frontend/src/pages/Profile.jsx","statementMap":{"0":{"start":{"line":11,"column":19},"end":{"line":17,"column":null}},"1":{"start":{"line":19,"column":23},"end":{"line":36,"column":null}},"2":{"start":{"line":20,"column":17},"end":{"line":20,"column":null}},"3":{"start":{"line":21,"column":15},"end":{"line":21,"column":null}},"4":{"start":{"line":23,"column":4},"end":{"line":25,"column":null}},"5":{"start":{"line":27,"column":2},"end":{"line":29,"column":null}},"6":{"start":{"line":28,"column":4},"end":{"line":28,"column":null}},"7":{"start":{"line":31,"column":2},"end":{"line":33,"column":null}},"8":{"start":{"line":32,"column":4},"end":{"line":32,"column":null}},"9":{"start":{"line":35,"column":2},"end":{"line":35,"column":null}},"10":{"start":{"line":38,"column":25},"end":{"line":57,"column":null}},"11":{"start":{"line":39,"column":18},"end":{"line":44,"column":null}},"12":{"start":{"line":46,"column":2},"end":{"line":48,"column":null}},"13":{"start":{"line":47,"column":4},"end":{"line":47,"column":null}},"14":{"start":{"line":50,"column":2},"end":{"line":54,"column":null}},"15":{"start":{"line":51,"column":4},"end":{"line":53,"column":null}},"16":{"start":{"line":52,"column":6},"end":{"line":52,"column":null}},"17":{"start":{"line":56,"column":2},"end":{"line":56,"column":null}},"18":{"start":{"line":59,"column":17},"end":{"line":59,"column":null}},"19":{"start":{"line":59,"column":26},"end":{"line":59,"column":null}},"20":{"start":{"line":62,"column":32},"end":{"line":62,"column":null}},"21":{"start":{"line":63,"column":26},"end":{"line":63,"column":null}},"22":{"start":{"line":64,"column":36},"end":{"line":64,"column":null}},"23":{"start":{"line":65,"column":34},"end":{"line":65,"column":null}},"24":{"start":{"line":66,"column":30},"end":{"line":66,"column":null}},"25":{"start":{"line":67,"column":32},"end":{"line":67,"column":null}},"26":{"start":{"line":68,"column":34},"end":{"line":68,"column":null}},"27":{"start":{"line":69,"column":36},"end":{"line":69,"column":null}},"28":{"start":{"line":70,"column":34},"end":{"line":70,"column":null}},"29":{"start":{"line":71,"column":42},"end":{"line":71,"column":null}},"30":{"start":{"line":72,"column":24},"end":{"line":72,"column":null}},"31":{"start":{"line":73,"column":28},"end":{"line":73,"column":null}},"32":{"start":{"line":75,"column":16},"end":{"line":75,"column":null}},"33":{"start":{"line":76,"column":13},"end":{"line":76,"column":null}},"34":{"start":{"line":78,"column":8},"end":{"line":81,"column":null}},"35":{"start":{"line":79,"column":10},"end":{"line":79,"column":null}},"36":{"start":{"line":83,"column":8},"end":{"line":114,"column":null}},"37":{"start":{"line":84,"column":4},"end":{"line":86,"column":null}},"38":{"start":{"line":85,"column":6},"end":{"line":85,"column":null}},"39":{"start":{"line":88,"column":4},"end":{"line":88,"column":null}},"40":{"start":{"line":89,"column":4},"end":{"line":89,"column":null}},"41":{"start":{"line":91,"column":4},"end":{"line":113,"column":null}},"42":{"start":{"line":92,"column":18},"end":{"line":92,"column":null}},"43":{"start":{"line":93,"column":19},"end":{"line":93,"column":null}},"44":{"start":{"line":94,"column":6},"end":{"line":94,"column":null}},"45":{"start":{"line":96,"column":6},"end":{"line":100,"column":null}},"46":{"start":{"line":97,"column":8},"end":{"line":97,"column":null}},"47":{"start":{"line":98,"column":8},"end":{"line":98,"column":null}},"48":{"start":{"line":99,"column":8},"end":{"line":99,"column":null}},"49":{"start":{"line":102,"column":6},"end":{"line":108,"column":null}},"50":{"start":{"line":103,"column":8},"end":{"line":105,"column":null}},"51":{"start":{"line":104,"column":10},"end":{"line":104,"column":null}},"52":{"start":{"line":106,"column":27},"end":{"line":106,"column":null}},"53":{"start":{"line":107,"column":8},"end":{"line":107,"column":null}},"54":{"start":{"line":107,"column":34},"end":{"line":107,"column":62}},"55":{"start":{"line":110,"column":6},"end":{"line":110,"column":null}},"56":{"start":{"line":112,"column":6},"end":{"line":112,"column":null}},"57":{"start":{"line":116,"column":2},"end":{"line":120,"column":null}},"58":{"start":{"line":117,"column":4},"end":{"line":119,"column":null}},"59":{"start":{"line":118,"column":6},"end":{"line":118,"column":null}},"60":{"start":{"line":122,"column":23},"end":{"line":138,"column":null}},"61":{"start":{"line":123,"column":4},"end":{"line":123,"column":null}},"62":{"start":{"line":124,"column":4},"end":{"line":124,"column":null}},"63":{"start":{"line":125,"column":4},"end":{"line":125,"column":null}},"64":{"start":{"line":126,"column":4},"end":{"line":126,"column":null}},"65":{"start":{"line":128,"column":4},"end":{"line":137,"column":null}},"66":{"start":{"line":129,"column":6},"end":{"line":129,"column":null}},"67":{"start":{"line":130,"column":6},"end":{"line":130,"column":null}},"68":{"start":{"line":131,"column":6},"end":{"line":131,"column":null}},"69":{"start":{"line":132,"column":6},"end":{"line":132,"column":null}},"70":{"start":{"line":134,"column":6},"end":{"line":134,"column":null}},"71":{"start":{"line":136,"column":6},"end":{"line":136,"column":null}},"72":{"start":{"line":140,"column":26},"end":{"line":162,"column":null}},"73":{"start":{"line":141,"column":15},"end":{"line":141,"column":null}},"74":{"start":{"line":144,"column":4},"end":{"line":144,"column":null}},"75":{"start":{"line":146,"column":4},"end":{"line":148,"column":null}},"76":{"start":{"line":147,"column":6},"end":{"line":147,"column":null}},"77":{"start":{"line":150,"column":4},"end":{"line":150,"column":null}},"78":{"start":{"line":151,"column":4},"end":{"line":151,"column":null}},"79":{"start":{"line":152,"column":4},"end":{"line":152,"column":null}},"80":{"start":{"line":153,"column":4},"end":{"line":153,"column":null}},"81":{"start":{"line":155,"column":4},"end":{"line":161,"column":null}},"82":{"start":{"line":156,"column":18},"end":{"line":156,"column":null}},"83":{"start":{"line":157,"column":6},"end":{"line":157,"column":null}},"84":{"start":{"line":159,"column":6},"end":{"line":159,"column":null}},"85":{"start":{"line":160,"column":6},"end":{"line":160,"column":null}},"86":{"start":{"line":164,"column":26},"end":{"line":179,"column":null}},"87":{"start":{"line":165,"column":4},"end":{"line":167,"column":null}},"88":{"start":{"line":166,"column":6},"end":{"line":166,"column":null}},"89":{"start":{"line":169,"column":4},"end":{"line":175,"column":null}},"90":{"start":{"line":176,"column":4},"end":{"line":176,"column":null}},"91":{"start":{"line":177,"column":4},"end":{"line":177,"column":null}},"92":{"start":{"line":178,"column":4},"end":{"line":178,"column":null}},"93":{"start":{"line":181,"column":27},"end":{"line":184,"column":null}},"94":{"start":{"line":182,"column":4},"end":{"line":182,"column":null}},"95":{"start":{"line":183,"column":4},"end":{"line":183,"column":null}},"96":{"start":{"line":186,"column":26},"end":{"line":211,"column":null}},"97":{"start":{"line":187,"column":4},"end":{"line":187,"column":null}},"98":{"start":{"line":189,"column":15},"end":{"line":189,"column":null}},"99":{"start":{"line":190,"column":4},"end":{"line":193,"column":null}},"100":{"start":{"line":191,"column":6},"end":{"line":191,"column":null}},"101":{"start":{"line":192,"column":6},"end":{"line":192,"column":null}},"102":{"start":{"line":195,"column":4},"end":{"line":195,"column":null}},"103":{"start":{"line":196,"column":4},"end":{"line":196,"column":null}},"104":{"start":{"line":197,"column":4},"end":{"line":197,"column":null}},"105":{"start":{"line":199,"column":4},"end":{"line":210,"column":null}},"106":{"start":{"line":200,"column":18},"end":{"line":200,"column":null}},"107":{"start":{"line":201,"column":6},"end":{"line":201,"column":null}},"108":{"start":{"line":202,"column":6},"end":{"line":202,"column":null}},"109":{"start":{"line":203,"column":6},"end":{"line":203,"column":null}},"110":{"start":{"line":204,"column":6},"end":{"line":204,"column":null}},"111":{"start":{"line":205,"column":6},"end":{"line":205,"
[...]
inity":77,"s:151:4:151:Infinity":78,"s:152:4:152:Infinity":79,"s:153:4:153:Infinity":80,"s:155:4:161:Infinity":81,"s:156:18:156:Infinity":82,"s:157:6:157:Infinity":83,"b:157:21:157:33:157:33:157:36":18,"s:159:6:159:Infinity":84,"s:160:6:160:Infinity":85,"s:164:26:179:Infinity":86,"f:164:26:164:32":12,"b:165:4:167:Infinity:undefined:undefined:undefined:undefined":19,"s:165:4:167:Infinity":87,"s:166:6:166:Infinity":88,"s:169:4:175:Infinity":89,"b:170:12:170:32:170:32:170:Infinity":20,"b:171:15:171:38:171:38:171:Infinity":21,"b:172:13:172:34:172:34:172:Infinity":22,"b:173:37:173:63:173:63:173:Infinity":23,"b:174:19:174:46:174:46:174:Infinity":24,"s:176:4:176:Infinity":90,"s:177:4:177:Infinity":91,"s:178:4:178:Infinity":92,"s:181:27:184:Infinity":93,"f:181:27:181:33":13,"s:182:4:182:Infinity":94,"s:183:4:183:Infinity":95,"s:186:26:211:Infinity":96,"f:186:26:186:33":14,"s:187:4:187:Infinity":97,"s:189:15:189:Infinity":98,"b:190:4:193:Infinity:undefined:undefined:undefined:undefined":25,"s:190:4:193:Infinity":99,"s:191:6:191:Infinity":100,"s:192:6:192:Infinity":101,"s:195:4:195:Infinity":102,"s:196:4:196:Infinity":103,"s:197:4:197:Infinity":104,"s:199:4:210:Infinity":105,"s:200:18:200:Infinity":106,"s:201:6:201:Infinity":107,"b:201:21:201:33:201:33:201:44":26,"s:202:6:202:Infinity":108,"s:203:6:203:Infinity":109,"s:204:6:204:Infinity":110,"s:205:6:205:Infinity":111,"s:207:6:207:Infinity":112,"s:209:6:209:Infinity":113,"s:213:26:240:Infinity":114,"f:213:26:213:38":15,"s:214:15:214:Infinity":115,"b:215:4:218:Infinity:undefined:undefined:undefined:undefined":27,"s:215:4:218:Infinity":116,"s:216:6:216:Infinity":117,"s:217:6:217:Infinity":118,"s:220:22:220:Infinity":119,"b:221:4:223:Infinity:undefined:undefined:undefined:undefined":28,"s:221:4:223:Infinity":120,"s:222:6:222:Infinity":121,"s:225:4:225:Infinity":122,"s:226:4:226:Infinity":123,"s:227:4:227:Infinity":124,"s:229:4:239:Infinity":125,"s:230:6:230:Infinity":126,"s:231:6:231:Infinity":127,"s:232:6:232:Infinity":128,"s:233:6:233:Infinity":129,"s:234:6:234:Infinity":130,"s:236:6:236:Infinity":131,"s:238:6:238:Infinity":132,"s:242:30:264:Infinity":133,"f:242:30:242:31":16,"s:243:17:243:Infinity":134,"b:243:17:243:40:243:40:243:Infinity":29,"b:244:4:247:Infinity:undefined:undefined:undefined:undefined":30,"s:244:4:247:Infinity":135,"s:245:6:245:Infinity":136,"s:246:6:246:Infinity":137,"b:249:4:253:Infinity:undefined:undefined:undefined:undefined":31,"s:249:4:253:Infinity":138,"s:250:6:250:Infinity":139,"s:251:6:251:Infinity":140,"s:252:6:252:Infinity":141,"s:255:21:255:Infinity":142,"b:256:4:260:Infinity:undefined:undefined:undefined:undefined":32,"s:256:4:260:Infinity":143,"s:257:6:257:Infinity":144,"s:258:6:258:Infinity":145,"s:259:6:259:Infinity":146,"s:262:4:262:Infinity":147,"s:263:4:263:Infinity":148,"s:266:28:293:Infinity":149,"f:266:28:266:40":17,"s:267:15:267:Infinity":150,"b:268:4:271:Infinity:undefined:undefined:undefined:undefined":33,"s:268:4:271:Infinity":151,"s:269:6:269:Infinity":152,"s:270:6:270:Infinity":153,"b:273:4:276:Infinity:undefined:undefined:undefined:undefined":34,"s:273:4:276:Infinity":154,"s:274:6:274:Infinity":155,"s:275:6:275:Infinity":156,"s:278:4:278:Infinity":157,"s:279:4:279:Infinity":158,"s:280:4:280:Infinity":159,"s:282:4:292:Infinity":160,"s:283:18:283:Infinity":161,"s:284:6:284:Infinity":162,"b:284:21:284:33:284:33:284:44":35,"s:285:6:285:Infinity":163,"s:286:6:286:Infinity":164,"s:287:6:287:Infinity":165,"s:289:6:289:Infinity":166,"s:291:6:291:Infinity":167,"s:295:2:545:Infinity":168,"b:303:47:303:66:303:66:303:Infinity":36,"f:304:19:304:25":18,"s:304:25:304:Infinity":169,"b:312:44:312:63:312:63:312:Infinity":37,"f:313:19:313:25":19,"s:313:25:313:Infinity":170,"b:319:7:319:16:319:16:319:Infinity":38,"b:320:7:320:18:320:18:320:Infinity":39,"b:322:7:322:Infinity:323:8:337:Infinity":40,"b:325:12:333:Infinity:335:12:335:Infinity":41,"b:328:44:328:59:328:59:328:Infinity":42,"b:331:41:331:53:331:53:331:Infinity":43,"b:340:7:340:Infinity:341:8:543:Infinity":44,"f:348:24:348:25":20,"s:349:16:349:Infinity":171,"f:356:24:356:25":21,"s:357:16:357:Infinity":172,"f:363:24:363:25":22,"s:364:16:364:Infinity":173,"f:372:24:372:25":23,"s:373:16:373:Infinity":174,"f:380:24:380:25":24,"s:381:16:381:Infinity":175,"b:385:28:385:42:385:42:385:Infinity":45,"b:391:12:391:Infinity:392:14:421:Infinity":46,"b:393:12:393:Infinity:395:12:421:Infinity":47,"f:396:26:396:27":25,"s:397:27:397:Infinity":176,"s:398:29:398:Infinity":177,"b:398:29:398:41:398:41:398:Infinity":48,"s:399:16:418:Infinity":178,"f:404:29:404:35":26,"s:404:35:404:Infinity":179,"b:407:22:411:Infinity:413:22:415:Infinity":49,"b:402:25:402:31:402:31:402:Infinity":50,"b:424:11:424:Infinity:425:12:541:Infinity":51,"b:428:16:486:Infinity:488:16:539:Infinity":52,"b:430:20:434:Infinity:436:20:438:Infinity":53,"b:433:30:433:50:433:50:433:55":54,"b:437:30:437:50:437:50:437:55":55,"b:441:44:441:64:441:64:441:Infinity":56,"b:444:47:444:70:444:70:444:Infinity":57,"b:447:45:447:66:447:66:447:Infinity":58,"b:451:47:451:65:451:65:451:Infinity":59,"b:455:21:455:48:455:48:455:69:455:69:455:Infinity":60,"b:462:32:462:50:462:50:462:Infinity":61,"b:467:32:467:50:467:50:467:64:467:64:467:Infinity":62,"b:469:40:469:57:469:57:469:Infinity":63,"b:475:30:475:44:475:44:475:Infinity":64,"b:482:30:482:44:482:44:482:Infinity":65,"b:484:34:484:50:484:50:484:Infinity":66,"f:493:30:493:31":27,"s:494:22:494:Infinity":180,"f:501:30:501:31":28,"s:502:22:502:Infinity":181,"f:508:30:508:31":29,"s:509:22:509:Infinity":182,"f:517:30:517:31":30,"s:518:22:518:Infinity":183,"f:525:30:525:31":31,"s:526:22:526:Infinity":184,"b:530:34:530:48:530:48:530:Infinity":67}}}
,"/Users/marie.collinge/dev_folder/ESA_FE/ticketing-frontend/src/pages/Register.jsx": {"path":"/Users/marie.collinge/dev_folder/ESA_FE/ticketing-frontend/src/pages/Register.jsx","statementMap":{"0":{"start":{"line":6,"column":22},"end":{"line":6,"column":null}},"1":{"start":{"line":7,"column":24},"end":{"line":7,"column":null}},"2":{"start":{"line":8,"column":8},"end":{"line":8,"column":null}},"3":{"start":{"line":10,"column":23},"end":{"line":21,"column":null}},"4":{"start":{"line":11,"column":4},"end":{"line":11,"column":null}},"5":{"start":{"line":12,"column":4},"end":{"line":12,"column":null}},"6":{"start":{"line":14,"column":4},"end":{"line":20,"column":null}},"7":{"start":{"line":15,"column":6},"end":{"line":15,"column":null}},"8":{"start":{"line":16,"column":6},"end":{"line":16,"column":null}},"9":{"start":{"line":17,"column":6},"end":{"line":17,"column":null}},"10":{"start":{"line":19,"column":6},"end":{"line":19,"column":null}},"11":{"start":{"line":23,"column":2},"end":{"line":34,"column":null}},"12":{"start":{"line":28,"column":62},"end":{"line":28,"column":108}},"13":{"start":{"line":29,"column":59},"end":{"line":29,"column":102}},"14":{"start":{"line":30,"column":78},"end":{"line":30,"column":124}},"15":{"start":{"line":31,"column":86},"end":{"line":31,"column":139}}},"fnMap":{"0":{"name":"Register","decl":{"start":{"line":5,"column":24},"end":{"line":5,"column":35}},"loc":{"start":{"line":5,"column":35},"end":{"line":36,"column":null}},"line":5},"1":{"name":"(anonymous_1)","decl":{"start":{"line":10,"column":23},"end":{"line":10,"column":30}},"loc":{"start":{"line":10,"column":36},"end":{"line":21,"column":null}},"line":10},"2":{"name":"(anonymous_2)","decl":{"start":{"line":28,"column":57},"end":{"line":28,"column":62}},"loc":{"start":{"line":28,"column":62},"end":{"line":28,"column":108}},"line":28},"3":{"name":"(anonymous_3)","decl":{"start":{"line":29,"column":54},"end":{"line":29,"column":59}},"loc":{"start":{"line":29,"column":59},"end":{"line":29,"column":102}},"line":29},"4":{"name":"(anonymous_4)","decl":{"start":{"line":30,"column":73},"end":{"line":30,"column":78}},"loc":{"start":{"line":30,"column":78},"end":{"line":30,"column":124}},"line":30},"5":{"name":"(anonymous_5)","decl":{"start":{"line":31,"column":81},"end":{"line":31,"column":86}},"loc":{"start":{"line":31,"column":86},"end":{"line":31,"column":139}},"line":31}},"branchMap":{"0":{"loc":{"start":{"line":19,"column":15},"end":{"line":19,"column":58}},"type":"binary-expr","locations":[{"start":{"line":19,"column":15},"end":{"line":19,"column":37}},{"start":{"line":19,"column":37},"end":{"line":19,"column":58}}],"line":19},"1":{"loc":{"start":{"line":26,"column":7},"end":{"line":26,"column":null}},"type":"binary-expr","locations":[{"start":{"line":26,"column":7},"end":{"line":26,"column":16}},{"start":{"line":26,"column":16},"end":{"line":26,"column":null}}],"line":26}},"s":{"0":13,"1":13,"2":13,"3":13,"4":2,"5":2,"6":2,"7":2,"8":1,"9":1,"10":1,"11":13,"12":2,"13":2,"14":2,"15":2},"f":{"0":13,"1":2,"2":2,"3":2,"4":2,"5":2},"b":{"0":[1,0],"1":[13,1]},"meta":{"lastBranch":2,"lastFunction":6,"lastStatement":16,"seen":{"f:5:24:5:35":0,"s:6:22:6:Infinity":0,"s:7:24:7:Infinity":1,"s:8:8:8:Infinity":2,"s:10:23:21:Infinity":3,"f:10:23:10:30":1,"s:11:4:11:Infinity":4,"s:12:4:12:Infinity":5,"s:14:4:20:Infinity":6,"s:15:6:15:Infinity":7,"s:16:6:16:Infinity":8,"s:17:6:17:Infinity":9,"s:19:6:19:Infinity":10,"b:19:15:19:37:19:37:19:58":0,"s:23:2:34:Infinity":11,"b:26:7:26:16:26:16:26:Infinity":1,"f:28:57:28:62":2,"s:28:62:28:108":12,"f:29:54:29:59":3,"s:29:59:29:102":13,"f:30:73:30:78":4,"s:30:78:30:124":14,"f:31:81:31:86":5,"s:31:86:31:139":15}}}
,"/Users/marie.collinge/dev_folder/ESA_FE/ticketing-frontend/src/pages/ResetPassword.jsx": {"path":"/Users/marie.collinge/dev_folder/ESA_FE/ticketing-frontend/src/pages/ResetPassword.jsx","statementMap":{"0":{"start":{"line":5,"column":26},"end":{"line":11,"column":null}},"1":{"start":{"line":6,"column":2},"end":{"line":10,"column":null}},"2":{"start":{"line":13,"column":23},"end":{"line":27,"column":null}},"3":{"start":{"line":14,"column":17},"end":{"line":14,"column":null}},"4":{"start":{"line":15,"column":15},"end":{"line":15,"column":null}},"5":{"start":{"line":16,"column":18},"end":{"line":16,"column":null}},"6":{"start":{"line":18,"column":2},"end":{"line":20,"column":null}},"7":{"start":{"line":19,"column":4},"end":{"line":19,"column":null}},"8":{"start":{"line":22,"column":2},"end":{"line":24,"column":null}},"9":{"start":{"line":23,"column":4},"end":{"line":23,"column":null}},"10":{"start":{"line":26,"column":2},"end":{"line":26,"column":null}},"11":{"start":{"line":30,"column":21},"end":{"line":30,"column":null}},"12":{"start":{"line":31,"column":8},"end":{"line":31,"column":null}},"13":{"start":{"line":32,"column":23},"end":{"line":32,"column":null}},"14":{"start":{"line":34,"column":22},"end":{"line":37,"column":null}},"15":{"start":{"line":38,"column":24},"end":{"line":38,"column":null}},"16":{"start":{"line":39,"column":28},"end":{"line":39,"column":null}},"17":{"start":{"line":40,"column":34},"end":{"line":40,"column":null}},"18":{"start":{"line":42,"column":23},"end":{"line":75,"column":null}},"19":{"start":{"line":43,"column":4},"end":{"line":43,"column":null}},"20":{"start":{"line":44,"column":4},"end":{"line":44,"column":null}},"21":{"start":{"line":45,"column":4},"end":{"line":45,"column":null}},"22":{"start":{"line":47,"column":4},"end":{"line":50,"column":null}},"23":{"start":{"line":48,"column":6},"end":{"line":48,"column":null}},"24":{"start":{"line":49,"column":6},"end":{"line":49,"column":null}},"25":{"start":{"line":52,"column":4},"end":{"line":55,"column":null}},"26":{"start":{"line":53,"column":6},"end":{"line":53,"column":null}},"27":{"start":{"line":54,"column":6},"end":{"line":54,"column":null}},"28":{"start":{"line":57,"column":20},"end":{"line":63,"column":null}},"29":{"start":{"line":65,"column":4},"end":{"line":65,"column":null}},"30":{"start":{"line":66,"column":4},"end":{"line":74,"column":null}},"31":{"start":{"line":67,"column":6},"end":{"line":67,"column":null}},"32":{"start":{"line":68,"column":6},"end":{"line":68,"column":null}},"33":{"start":{"line":69,"column":6},"end":{"line":69,"column":null}},"34":{"start":{"line":69,"column":23},"end":{"line":69,"column":43}},"35":{"start":{"line":71,"column":6},"end":{"line":71,"column":null}},"36":{"start":{"line":73,"column":6},"end":{"line":73,"column":null}},"37":{"start":{"line":77,"column":2},"end":{"line":106,"column":null}},"38":{"start":{"line":88,"column":27},"end":{"line":88,"column":null}},"39":{"start":{"line":95,"column":27},"end":{"line":95,"column":null}}},"fnMap":{"0":{"name":"(anonymous_0)","decl":{"start":{"line":5,"column":26},"end":{"line":5,"column":27}},"loc":{"start":{"line":5,"column":44},"end":{"line":11,"column":null}},"line":5},"1":{"name":"(anonymous_1)","decl":{"start":{"line":13,"column":23},"end":{"line":13,"column":24}},"loc":{"start":{"line":13,"column":41},"end":{"line":27,"column":null}},"line":13},"2":{"name":"ResetPassword","decl":{"start":{"line":29,"column":24},"end":{"line":29,"column":40}},"loc":{"start":{"line":29,"column":40},"end":{"line":108,"column":null}},"line":29},"3":{"name":"(anonymous_3)","decl":{"start":{"line":42,"column":23},"end":{"line":42,"column":30}},"loc":{"start":{"line":42,"column":36},"end":{"line":75,"column":null}},"line":42},"4":{"name":"(anonymous_4)","decl":{"start":{"line":69,"column":17},"end":{"line":69,"column":23}},"loc":{"start":{"line":69,"column":23},"end":{"line":69,"column":43}},"line":69},"5":{"name":"(anonymous_5)","decl":{"start":{"line":88,"column":20},"end":{"line":88,"column":21}},"loc":{"start":{"line":88,"column":27},"end":{"line":88,"column":null}},"line":88},"6":{"name":"(anonymous_6)","decl":{"start":{"line":95,"column":20},"end":{"line":95,"column":21}},"loc":{"start":{"line":95,"column":27},"end":{"line":95,"column":null}},"line":95}},"branchMap":{"0":{"loc":{"start":{"line":7,"column":11},"end":{"line":7,"column":null}},"type":"binary-expr","locations":[{"start":{"line":7,"column":11},"end":{"line":7,"column":40}},{"start":{"line":7,"column":40},"end":{"line":7,"column":74}},{"start":{"line":7,"column":74},"end":{"line":7,"column":null}}],"line":7},"1":{"loc":{"start":{"line":8,"column":11},"end":{"line":8,"column":null}},"type":"binary-expr","locations":[{"start":{"line":8,"column":11},"end":{"line":8,"column":40}},{"start":{"line":8,"column":40},"end":{"line":8,"column":null}}],"line":8},"2":{"loc":{"start":{"line":9,"column":14},"end":{"line":9,"column":null}},"type":"binary-expr","locations":[{"start":{"line":9,"column":14},"end":{"line":9,"column":46}},{"start":{"line":9,"column":46},"end":{"line":9,"column":74}},{"start":{"line":9,"column":74},"end":{"line":9,"column":null}}],"line":9},"3":{"loc":{"start":{"line":16,"column":18},"end":{"line":16,"column":null}},"type":"cond-expr","locations":[{"start":{"line":16,"column":45},"end":{"line":16,"column":52}},{"start":{"line":16,"column":52},"end":{"line":16,"column":null}}],"line":16},"4":{"loc":{"start":{"line":16,"column":52},"end":{"line":16,"column":null}},"type":"binary-expr","locations":[{"start":{"line":16,"column":52},"end":{"line":16,"column":69}},{"start":{"line":16,"column":69},"end":{"line":16,"column":84}},{"start":{"line":16,"column":84},"end":{"line":16,"column":null}}],"line":16},"5":{"loc":{"start":{"line":18,"column":2},"end":{"line":20,"column":null}},"type":"if","locations":[{"start":{"line":18,"column":2},"end":{"line":20,"column":null}},{"start":{},"end":{}}],"line":18},"6":{"loc":{"start":{"line":18,"column":6},"end":{"line":18,"column":36}},"type":"binary-expr","locations":[{"start":{"line":18,"column":6},"end":{"line":18,"column":23}},{"start":{"line":18,"column":23},"end":{"line":18,"column":36}}],"line":18},"7":{"loc":{"start":{"line":22,"column":2},"end":{"line":24,"column":null}},"type":"if","locations":[{"start":{"line":22,"column":2},"end":{"line":24,"column":null}},{"start":{},"end":{}}],"line":22},"8":{"loc":{"start":{"line":26,"column":33},"end":{"line":26,"column":63}},"type":"cond-expr","locations":[{"start":{"line":26,"column":43},"end":{"line":26,"column":61}},{"start":{"line":26,"column":61},"end":{"line":26,"column":63}}],"line":26},"9":{"loc":{"start":{"line":47,"column":4},"end":{"line":50,"column":null}},"type":"if","locations":[{"start":{"line":47,"column":4},"end":{"line":50,"column":null}},{"start":{},"end":{}}],"line":47},"10":{"loc":{"start":{"line":52,"column":4},"end":{"line":55,"column":null}},"type":"if","locations":[{"start":{"line":52,"column":4},"end":{"line":55,"column":null}},{"start":{},"end":{}}],"line":52},"11":{"loc":{"start":{"line":59,"column":13},"end":{"line":59,"column":null}},"type":"binary-expr","locations":[{"start":{"line":59,"column":13},"end":{"line":59,"column":35}},{"start":{"line":59,"column":35},"end":{"line":59,"column":null}}],"line":59},"12":{"loc":{"start":{"line":60,"column":16},"end":{"line":60,"column":null}},"type":"binary-expr","locations":[{"start":{"line":60,"column":16},"end":{"line":60,"column":41}},{"start":{"line":60,"column":41},"end":{"line":60,"column":null}}],"line":60},"13":{"loc":{"start":{"line":80,"column":7},"end":{"line":80,"column":null}},"type":"binary-expr","locations":[{"start":{"line":80,"column":7},"end":{"line":80,"column":18}},{"start":{"line":80,"column":18},"end":{"line":80,"column":null}}],"line":80},"14":{"loc":{"start":{"line":81,"column":7},"end":{"line":81,"column":null}},"type":"binary-expr","locations":[{"start":{"line":81,"column":7},"end":{"line":81,"column":16}},{"start":{"line":81,"column":16},"end":{"line":81,"column":null}}],"line":81},"15":{"loc":{"start":{"line":99,"column":11},"end":{"line":99,"column":null}},"type":"cond-expr","locations":[{"start":{"line":99,"column":24},"end":{"line":99,"column":42}},{"start":{"line":99,"column":42},"end":{"line":99,"column":null}}],"line":99}},"s":{"0":2,"1":29,"2":2,"3":1,"4":1,"5":1,"6":1,"7":0,"8":1,"9":0,"10":1,"11":29,"12":29,"13":29,"14":29,"15":29,"16":29,"17":29,"18":29,"19":6,"20":6,"21":6,"22":6,"23":1,"24":1,"25":5,"26":1,"27":1,"28":4,"29":6,"30":6,"31":6,"32":3,"33":3,"34":3,"35":1,"36":4,"37":29,"38":6,"39":6},"f":{"0":29,"1":1,"2":29,"3":6,"4":3,"5":6,"6":6},"b":{"0":[29,9,4],"1":[29,23],"2":[29,23,18],"3":[1,0],"4":[0,0,0],"5":[0,1],"6":[1,0],"7":[0,1],"8":[1,0],"9":[1,5],"10":[1,4],"11":[4,3],"12":[6,2],"13":[29,3],"14":[29,3],"15":[4,25]},"meta":{"lastBranch":16,"lastFunction":7,"lastStatement":40,"seen":{"s:5:26:11:Infinity":0,"f:5:26:5:27":0,"s:6:2:10:Infinity":1,"b:7:11:7:40:7:40:7:74:7:74:7:Infinity":0,"b:8:11:8:40:8:40:8:Infinity":1,"b:9:14:9:46:9:46:9:74:9:74:9:Infinity":2,"s:13:23:27:Infinity":2,"f:13:23:13:24":1,"s:14:17:14:Infinity":3,"s:15:15:15:Infinity":4,"s:16:18:16:Infinity":5,"b:16:45:16:52:16:52:16:Infinity":3,"b:16:52:16:69:16:69:16:84:16:84:16:Infinity":4,"b:18:2:20:Infinity:undefined:undefined:undefined:undefined":5,"s:18:2:20:Infinity":6,"b:18:6:18:23:18:23:18:36":6,"s:19:4:19:Infinity":7,"b:22:2:24:Infinity:undefined:undefined:undefined:undefined":7,"s:22:2:24:Infinity":8,"s:23:4:23:Infinity":9,"s:26:2:26:Infinity":10,"b:26:43:26:61:26:61:26:63":8,"f:29:24:29:40":2,"s:30:21:30:Infinity":11,"s:31:8:31:Infinity":12,"s:32:23:32:Infinity":13,"s:34:22:37:Infinity":14,"s:38:24:38:Infinity":15,"s:39:28:39:Infinity":16,"s:40:34:40:Infinity":17,"s:42:23:75:Infinity":18,"f:42:23:42:30":3,"s:43:4:43:Infinity":19,"s:44:4:44:Infinity":20,"s:45:4:45:Infinity":21,"b:47:4:50:Infinity:undefined:undefined:undefined:undefined":9,"s:47:4:50:Infinity":22,"s:48:6:48:Infinity":23,"s:49:6:49:Infinity":24,"b:52:4:55:Infinity:undefined:undefined:undefined:undefined":10,"s:52:4:55:Infinity":25,"s:53:6:53:Infinity":26,"s:54:6:54:Infinity":27,"s:57:20:63:Infinity":28,"b:59:13:59:35:59:35:59:Infinity":11,"b:60:16:60:41:60:41:60:Infinity":12,"s:65:4:65:Infinity":29,"s:66:4:74:Infinity":30,"s:67:6:67:Infinity":31,"s:68:6:68:Infinity":32,"s:69:6:69:Infinity":33,"f:69:17:69:23":4,"s:69:23:69:43":34,"s:71:6:71:Infinity":35,"s:73:6:73:Infinity":36,"s:77:2:106:Infinity":37,"b:80:7:80:18:80:18:80:Infinity":13,"b:81:7:81:16:81:16:81:Infinity":14,"f:88:20:88:21":5,"s:88:27:88:Infinity":38,"f:95:20:95:21":6,"s:95:27:95:Infinity":39,"b:99:24:99:42:99:42:99:Infinity":15}}}
}
